[INFO]  :  Starting RoadReadyApplication using Java 21.0.4 with PID 3252 (D:\sts\RoadReady\target\classes started by bagul in D:\sts\RoadReady)
[INFO]  :  No active profile set, falling back to 1 default profile: "default"
[INFO]  :  Bootstrapping Spring Data JPA repositories in DEFAULT mode.
[INFO]  :  Finished Spring Data repository scanning in 60 ms. Found 6 JPA repository interfaces.
[WARN]  :  Bean 'org.springframework.ws.config.annotation.DelegatingWsConfiguration' of type [org.springframework.ws.config.annotation.DelegatingWsConfiguration$$SpringCGLIB$$0] is not eligible for getting processed by all BeanPostProcessors (for example: not eligible for auto-proxying). The currently created BeanPostProcessor [annotationActionEndpointMapping] is declared through a non-static factory method on that class; consider declaring it as static instead.
[INFO]  :  Supporting [WS-Addressing August 2004, WS-Addressing 1.0]
[INFO]  :  Tomcat initialized with port 8080 (http)
[INFO]  :  Starting service [Tomcat]
[INFO]  :  Starting Servlet engine: [Apache Tomcat/10.1.31]
[INFO]  :  Initializing Spring embedded WebApplicationContext
[INFO]  :  Root WebApplicationContext: initialization completed in 1560 ms
[INFO]  :  HHH000204: Processing PersistenceUnitInfo [name: default]
[INFO]  :  HHH000412: Hibernate ORM core version 6.5.3.Final
[INFO]  :  HHH000026: Second-level cache disabled
[INFO]  :  No LoadTimeWeaver setup: ignoring JPA class transformer
[INFO]  :  HikariPool-1 - Starting...
[WARN]  :  SQL Error: 1045, SQLState: 28000
[ERROR]  :  Access denied for user 'root'@'localhost' (using password: YES)
[WARN]  :  HHH000342: Could not obtain connection to query metadata
org.hibernate.exception.GenericJDBCException: unable to obtain isolated JDBC connection [Access denied for user 'root'@'localhost' (using password: YES)] [n/a]
	at org.hibernate.exception.internal.StandardSQLExceptionConverter.convert(StandardSQLExceptionConverter.java:63)
	at org.hibernate.engine.jdbc.spi.SqlExceptionHelper.convert(SqlExceptionHelper.java:108)
	at org.hibernate.engine.jdbc.spi.SqlExceptionHelper.convert(SqlExceptionHelper.java:94)
	at org.hibernate.resource.transaction.backend.jdbc.internal.JdbcIsolationDelegate.delegateWork(JdbcIsolationDelegate.java:116)
	at org.hibernate.engine.jdbc.env.internal.JdbcEnvironmentInitiator.getJdbcEnvironmentUsingJdbcMetadata(JdbcEnvironmentInitiator.java:292)
	at org.hibernate.engine.jdbc.env.internal.JdbcEnvironmentInitiator.initiateService(JdbcEnvironmentInitiator.java:124)
	at org.hibernate.engine.jdbc.env.internal.JdbcEnvironmentInitiator.initiateService(JdbcEnvironmentInitiator.java:78)
	at org.hibernate.boot.registry.internal.StandardServiceRegistryImpl.initiateService(StandardServiceRegistryImpl.java:130)
	at org.hibernate.service.internal.AbstractServiceRegistryImpl.createService(AbstractServiceRegistryImpl.java:263)
	at org.hibernate.service.internal.AbstractServiceRegistryImpl.initializeService(AbstractServiceRegistryImpl.java:238)
	at org.hibernate.service.internal.AbstractServiceRegistryImpl.getService(AbstractServiceRegistryImpl.java:215)
	at org.hibernate.boot.model.relational.Database.<init>(Database.java:45)
	at org.hibernate.boot.internal.InFlightMetadataCollectorImpl.getDatabase(InFlightMetadataCollectorImpl.java:221)
	at org.hibernate.boot.internal.InFlightMetadataCollectorImpl.<init>(InFlightMetadataCollectorImpl.java:189)
	at org.hibernate.boot.model.process.spi.MetadataBuildingProcess.complete(MetadataBuildingProcess.java:171)
	at org.hibernate.jpa.boot.internal.EntityManagerFactoryBuilderImpl.metadata(EntityManagerFactoryBuilderImpl.java:1431)
	at org.hibernate.jpa.boot.internal.EntityManagerFactoryBuilderImpl.build(EntityManagerFactoryBuilderImpl.java:1502)
	at org.springframework.orm.jpa.vendor.SpringHibernateJpaPersistenceProvider.createContainerEntityManagerFactory(SpringHibernateJpaPersistenceProvider.java:75)
	at org.springframework.orm.jpa.LocalContainerEntityManagerFactoryBean.createNativeEntityManagerFactory(LocalContainerEntityManagerFactoryBean.java:390)
	at org.springframework.orm.jpa.AbstractEntityManagerFactoryBean.buildNativeEntityManagerFactory(AbstractEntityManagerFactoryBean.java:409)
	at org.springframework.orm.jpa.AbstractEntityManagerFactoryBean.afterPropertiesSet(AbstractEntityManagerFactoryBean.java:396)
	at org.springframework.orm.jpa.LocalContainerEntityManagerFactoryBean.afterPropertiesSet(LocalContainerEntityManagerFactoryBean.java:366)
	at org.springframework.beans.factory.support.AbstractAutowireCapableBeanFactory.invokeInitMethods(AbstractAutowireCapableBeanFactory.java:1853)
	at org.springframework.beans.factory.support.AbstractAutowireCapableBeanFactory.initializeBean(AbstractAutowireCapableBeanFactory.java:1802)
	at org.springframework.beans.factory.support.AbstractAutowireCapableBeanFactory.doCreateBean(AbstractAutowireCapableBeanFactory.java:600)
	at org.springframework.beans.factory.support.AbstractAutowireCapableBeanFactory.createBean(AbstractAutowireCapableBeanFactory.java:522)
	at org.springframework.beans.factory.support.AbstractBeanFactory.lambda$doGetBean$0(AbstractBeanFactory.java:337)
	at org.springframework.beans.factory.support.DefaultSingletonBeanRegistry.getSingleton(DefaultSingletonBeanRegistry.java:234)
	at org.springframework.beans.factory.support.AbstractBeanFactory.doGetBean(AbstractBeanFactory.java:335)
	at org.springframework.beans.factory.support.AbstractBeanFactory.getBean(AbstractBeanFactory.java:205)
	at org.springframework.context.support.AbstractApplicationContext.finishBeanFactoryInitialization(AbstractApplicationContext.java:954)
	at org.springframework.context.support.AbstractApplicationContext.refresh(AbstractApplicationContext.java:625)
	at org.springframework.boot.web.servlet.context.ServletWebServerApplicationContext.refresh(ServletWebServerApplicationContext.java:146)
	at org.springframework.boot.SpringApplication.refresh(SpringApplication.java:754)
	at org.springframework.boot.SpringApplication.refreshContext(SpringApplication.java:456)
	at org.springframework.boot.SpringApplication.run(SpringApplication.java:335)
	at org.springframework.boot.SpringApplication.run(SpringApplication.java:1363)
	at org.springframework.boot.SpringApplication.run(SpringApplication.java:1352)
	at com.hexaware.roadready.RoadReadyApplication.main(RoadReadyApplication.java:10)
Caused by: java.sql.SQLException: Access denied for user 'root'@'localhost' (using password: YES)
	at com.mysql.cj.jdbc.exceptions.SQLError.createSQLException(SQLError.java:130)
	at com.mysql.cj.jdbc.exceptions.SQLExceptionsMapping.translateException(SQLExceptionsMapping.java:122)
	at com.mysql.cj.jdbc.ConnectionImpl.createNewIO(ConnectionImpl.java:815)
	at com.mysql.cj.jdbc.ConnectionImpl.<init>(ConnectionImpl.java:438)
	at com.mysql.cj.jdbc.ConnectionImpl.getInstance(ConnectionImpl.java:241)
	at com.mysql.cj.jdbc.NonRegisteringDriver.connect(NonRegisteringDriver.java:189)
	at com.zaxxer.hikari.util.DriverDataSource.getConnection(DriverDataSource.java:137)
	at com.zaxxer.hikari.pool.PoolBase.newConnection(PoolBase.java:360)
	at com.zaxxer.hikari.pool.PoolBase.newPoolEntry(PoolBase.java:202)
	at com.zaxxer.hikari.pool.HikariPool.createPoolEntry(HikariPool.java:461)
	at com.zaxxer.hikari.pool.HikariPool.checkFailFast(HikariPool.java:550)
	at com.zaxxer.hikari.pool.HikariPool.<init>(HikariPool.java:98)
	at com.zaxxer.hikari.HikariDataSource.getConnection(HikariDataSource.java:111)
	at org.hibernate.engine.jdbc.connections.internal.DatasourceConnectionProviderImpl.getConnection(DatasourceConnectionProviderImpl.java:122)
	at org.hibernate.engine.jdbc.env.internal.JdbcEnvironmentInitiator$ConnectionProviderJdbcConnectionAccess.obtainConnection(JdbcEnvironmentInitiator.java:439)
	at org.hibernate.resource.transaction.backend.jdbc.internal.JdbcIsolationDelegate.delegateWork(JdbcIsolationDelegate.java:61)
	... 35 common frames omitted
[WARN]  :  HHH90000025: MySQL8Dialect does not need to be specified explicitly using 'hibernate.dialect' (remove the property setting and it will be selected by default)
[WARN]  :  HHH90000026: MySQL8Dialect has been deprecated; use org.hibernate.dialect.MySQLDialect instead
[INFO]  :  HHH000489: No JTA platform available (set 'hibernate.transaction.jta.platform' to enable JTA platform integration)
[INFO]  :  HikariPool-1 - Starting...
[WARN]  :  SQL Error: 1045, SQLState: 28000
[ERROR]  :  Access denied for user 'root'@'localhost' (using password: YES)
[ERROR]  :  Failed to initialize JPA EntityManagerFactory: [PersistenceUnit: default] Unable to build Hibernate SessionFactory; nested exception is org.hibernate.exception.GenericJDBCException: Unable to open JDBC Connection for DDL execution [Access denied for user 'root'@'localhost' (using password: YES)] [n/a]
[WARN]  :  Exception encountered during context initialization - cancelling refresh attempt: org.springframework.beans.factory.BeanCreationException: Error creating bean with name 'entityManagerFactory' defined in class path resource [org/springframework/boot/autoconfigure/orm/jpa/HibernateJpaConfiguration.class]: [PersistenceUnit: default] Unable to build Hibernate SessionFactory; nested exception is org.hibernate.exception.GenericJDBCException: Unable to open JDBC Connection for DDL execution [Access denied for user 'root'@'localhost' (using password: YES)] [n/a]
[INFO]  :  Stopping service [Tomcat]
[INFO]  :  

Error starting ApplicationContext. To display the condition evaluation report re-run your application with 'debug' enabled.
[ERROR]  :  Application run failed
org.springframework.beans.factory.BeanCreationException: Error creating bean with name 'entityManagerFactory' defined in class path resource [org/springframework/boot/autoconfigure/orm/jpa/HibernateJpaConfiguration.class]: [PersistenceUnit: default] Unable to build Hibernate SessionFactory; nested exception is org.hibernate.exception.GenericJDBCException: Unable to open JDBC Connection for DDL execution [Access denied for user 'root'@'localhost' (using password: YES)] [n/a]
	at org.springframework.beans.factory.support.AbstractAutowireCapableBeanFactory.initializeBean(AbstractAutowireCapableBeanFactory.java:1806)
	at org.springframework.beans.factory.support.AbstractAutowireCapableBeanFactory.doCreateBean(AbstractAutowireCapableBeanFactory.java:600)
	at org.springframework.beans.factory.support.AbstractAutowireCapableBeanFactory.createBean(AbstractAutowireCapableBeanFactory.java:522)
	at org.springframework.beans.factory.support.AbstractBeanFactory.lambda$doGetBean$0(AbstractBeanFactory.java:337)
	at org.springframework.beans.factory.support.DefaultSingletonBeanRegistry.getSingleton(DefaultSingletonBeanRegistry.java:234)
	at org.springframework.beans.factory.support.AbstractBeanFactory.doGetBean(AbstractBeanFactory.java:335)
	at org.springframework.beans.factory.support.AbstractBeanFactory.getBean(AbstractBeanFactory.java:205)
	at org.springframework.context.support.AbstractApplicationContext.finishBeanFactoryInitialization(AbstractApplicationContext.java:954)
	at org.springframework.context.support.AbstractApplicationContext.refresh(AbstractApplicationContext.java:625)
	at org.springframework.boot.web.servlet.context.ServletWebServerApplicationContext.refresh(ServletWebServerApplicationContext.java:146)
	at org.springframework.boot.SpringApplication.refresh(SpringApplication.java:754)
	at org.springframework.boot.SpringApplication.refreshContext(SpringApplication.java:456)
	at org.springframework.boot.SpringApplication.run(SpringApplication.java:335)
	at org.springframework.boot.SpringApplication.run(SpringApplication.java:1363)
	at org.springframework.boot.SpringApplication.run(SpringApplication.java:1352)
	at com.hexaware.roadready.RoadReadyApplication.main(RoadReadyApplication.java:10)
Caused by: jakarta.persistence.PersistenceException: [PersistenceUnit: default] Unable to build Hibernate SessionFactory; nested exception is org.hibernate.exception.GenericJDBCException: Unable to open JDBC Connection for DDL execution [Access denied for user 'root'@'localhost' (using password: YES)] [n/a]
	at org.springframework.orm.jpa.AbstractEntityManagerFactoryBean.buildNativeEntityManagerFactory(AbstractEntityManagerFactoryBean.java:421)
	at org.springframework.orm.jpa.AbstractEntityManagerFactoryBean.afterPropertiesSet(AbstractEntityManagerFactoryBean.java:396)
	at org.springframework.orm.jpa.LocalContainerEntityManagerFactoryBean.afterPropertiesSet(LocalContainerEntityManagerFactoryBean.java:366)
	at org.springframework.beans.factory.support.AbstractAutowireCapableBeanFactory.invokeInitMethods(AbstractAutowireCapableBeanFactory.java:1853)
	at org.springframework.beans.factory.support.AbstractAutowireCapableBeanFactory.initializeBean(AbstractAutowireCapableBeanFactory.java:1802)
	... 15 common frames omitted
Caused by: org.hibernate.exception.GenericJDBCException: Unable to open JDBC Connection for DDL execution [Access denied for user 'root'@'localhost' (using password: YES)] [n/a]
	at org.hibernate.exception.internal.StandardSQLExceptionConverter.convert(StandardSQLExceptionConverter.java:63)
	at org.hibernate.engine.jdbc.spi.SqlExceptionHelper.convert(SqlExceptionHelper.java:108)
	at org.hibernate.engine.jdbc.spi.SqlExceptionHelper.convert(SqlExceptionHelper.java:94)
	at org.hibernate.resource.transaction.backend.jdbc.internal.DdlTransactionIsolatorNonJtaImpl.getIsolatedConnection(DdlTransactionIsolatorNonJtaImpl.java:74)
	at org.hibernate.resource.transaction.backend.jdbc.internal.DdlTransactionIsolatorNonJtaImpl.getIsolatedConnection(DdlTransactionIsolatorNonJtaImpl.java:39)
	at org.hibernate.tool.schema.internal.exec.ImprovedExtractionContextImpl.getJdbcConnection(ImprovedExtractionContextImpl.java:63)
	at org.hibernate.tool.schema.internal.exec.ImprovedExtractionContextImpl.getJdbcDatabaseMetaData(ImprovedExtractionContextImpl.java:70)
	at org.hibernate.tool.schema.extract.internal.InformationExtractorJdbcDatabaseMetaDataImpl.processTableResultSet(InformationExtractorJdbcDatabaseMetaDataImpl.java:65)
	at org.hibernate.tool.schema.extract.internal.AbstractInformationExtractorImpl.getTables(AbstractInformationExtractorImpl.java:570)
	at org.hibernate.tool.schema.extract.internal.DatabaseInformationImpl.getTablesInformation(DatabaseInformationImpl.java:122)
	at org.hibernate.tool.schema.internal.GroupedSchemaMigratorImpl.performTablesMigration(GroupedSchemaMigratorImpl.java:72)
	at org.hibernate.tool.schema.internal.AbstractSchemaMigrator.performMigration(AbstractSchemaMigrator.java:240)
	at org.hibernate.tool.schema.internal.AbstractSchemaMigrator.doMigration(AbstractSchemaMigrator.java:119)
	at org.hibernate.tool.schema.spi.SchemaManagementToolCoordinator.performDatabaseAction(SchemaManagementToolCoordinator.java:280)
	at org.hibernate.tool.schema.spi.SchemaManagementToolCoordinator.lambda$process$5(SchemaManagementToolCoordinator.java:144)
	at java.base/java.util.HashMap.forEach(HashMap.java:1429)
	at org.hibernate.tool.schema.spi.SchemaManagementToolCoordinator.process(SchemaManagementToolCoordinator.java:141)
	at org.hibernate.boot.internal.SessionFactoryObserverForSchemaExport.sessionFactoryCreated(SessionFactoryObserverForSchemaExport.java:37)
	at org.hibernate.internal.SessionFactoryObserverChain.sessionFactoryCreated(SessionFactoryObserverChain.java:35)
	at org.hibernate.internal.SessionFactoryImpl.<init>(SessionFactoryImpl.java:322)
	at org.hibernate.boot.internal.SessionFactoryBuilderImpl.build(SessionFactoryBuilderImpl.java:457)
	at org.hibernate.jpa.boot.internal.EntityManagerFactoryBuilderImpl.build(EntityManagerFactoryBuilderImpl.java:1506)
	at org.springframework.orm.jpa.vendor.SpringHibernateJpaPersistenceProvider.createContainerEntityManagerFactory(SpringHibernateJpaPersistenceProvider.java:75)
	at org.springframework.orm.jpa.LocalContainerEntityManagerFactoryBean.createNativeEntityManagerFactory(LocalContainerEntityManagerFactoryBean.java:390)
	at org.springframework.orm.jpa.AbstractEntityManagerFactoryBean.buildNativeEntityManagerFactory(AbstractEntityManagerFactoryBean.java:409)
	... 19 common frames omitted
Caused by: java.sql.SQLException: Access denied for user 'root'@'localhost' (using password: YES)
	at com.mysql.cj.jdbc.exceptions.SQLError.createSQLException(SQLError.java:130)
	at com.mysql.cj.jdbc.exceptions.SQLExceptionsMapping.translateException(SQLExceptionsMapping.java:122)
	at com.mysql.cj.jdbc.ConnectionImpl.createNewIO(ConnectionImpl.java:815)
	at com.mysql.cj.jdbc.ConnectionImpl.<init>(ConnectionImpl.java:438)
	at com.mysql.cj.jdbc.ConnectionImpl.getInstance(ConnectionImpl.java:241)
	at com.mysql.cj.jdbc.NonRegisteringDriver.connect(NonRegisteringDriver.java:189)
	at com.zaxxer.hikari.util.DriverDataSource.getConnection(DriverDataSource.java:137)
	at com.zaxxer.hikari.pool.PoolBase.newConnection(PoolBase.java:360)
	at com.zaxxer.hikari.pool.PoolBase.newPoolEntry(PoolBase.java:202)
	at com.zaxxer.hikari.pool.HikariPool.createPoolEntry(HikariPool.java:461)
	at com.zaxxer.hikari.pool.HikariPool.checkFailFast(HikariPool.java:550)
	at com.zaxxer.hikari.pool.HikariPool.<init>(HikariPool.java:98)
	at com.zaxxer.hikari.HikariDataSource.getConnection(HikariDataSource.java:111)
	at org.hibernate.engine.jdbc.connections.internal.DatasourceConnectionProviderImpl.getConnection(DatasourceConnectionProviderImpl.java:122)
	at org.hibernate.engine.jdbc.env.internal.JdbcEnvironmentInitiator$ConnectionProviderJdbcConnectionAccess.obtainConnection(JdbcEnvironmentInitiator.java:439)
	at org.hibernate.resource.transaction.backend.jdbc.internal.DdlTransactionIsolatorNonJtaImpl.getIsolatedConnection(DdlTransactionIsolatorNonJtaImpl.java:46)
	... 40 common frames omitted
[INFO]  :  Starting RoadReadyApplication using Java 21.0.4 with PID 12876 (D:\sts\RoadReady\target\classes started by bagul in D:\sts\RoadReady)
[INFO]  :  No active profile set, falling back to 1 default profile: "default"
[INFO]  :  Bootstrapping Spring Data JPA repositories in DEFAULT mode.
[INFO]  :  Finished Spring Data repository scanning in 58 ms. Found 6 JPA repository interfaces.
[WARN]  :  Bean 'org.springframework.ws.config.annotation.DelegatingWsConfiguration' of type [org.springframework.ws.config.annotation.DelegatingWsConfiguration$$SpringCGLIB$$0] is not eligible for getting processed by all BeanPostProcessors (for example: not eligible for auto-proxying). The currently created BeanPostProcessor [annotationActionEndpointMapping] is declared through a non-static factory method on that class; consider declaring it as static instead.
[INFO]  :  Supporting [WS-Addressing August 2004, WS-Addressing 1.0]
[INFO]  :  Tomcat initialized with port 8080 (http)
[INFO]  :  Starting service [Tomcat]
[INFO]  :  Starting Servlet engine: [Apache Tomcat/10.1.31]
[INFO]  :  Initializing Spring embedded WebApplicationContext
[INFO]  :  Root WebApplicationContext: initialization completed in 1254 ms
[INFO]  :  HHH000204: Processing PersistenceUnitInfo [name: default]
[INFO]  :  HHH000412: Hibernate ORM core version 6.5.3.Final
[INFO]  :  HHH000026: Second-level cache disabled
[INFO]  :  No LoadTimeWeaver setup: ignoring JPA class transformer
[INFO]  :  HikariPool-1 - Starting...
[INFO]  :  HikariPool-1 - Added connection com.mysql.cj.jdbc.ConnectionImpl@13662609
[INFO]  :  HikariPool-1 - Start completed.
[WARN]  :  HHH90000025: MySQL8Dialect does not need to be specified explicitly using 'hibernate.dialect' (remove the property setting and it will be selected by default)
[WARN]  :  HHH90000026: MySQL8Dialect has been deprecated; use org.hibernate.dialect.MySQLDialect instead
[INFO]  :  HHH000489: No JTA platform available (set 'hibernate.transaction.jta.platform' to enable JTA platform integration)
[INFO]  :  Initialized JPA EntityManagerFactory for persistence unit 'default'
[INFO]  :  Hibernate is in classpath; If applicable, HQL parser will be used.
[WARN]  :  spring.jpa.open-in-view is enabled by default. Therefore, database queries may be performed during view rendering. Explicitly configure spring.jpa.open-in-view to disable this warning
[INFO]  :  Tomcat started on port 8080 (http) with context path '/'
[INFO]  :  Started RoadReadyApplication in 5.87 seconds (process running for 6.534)
[INFO]  :  Application shutdown requested.
[INFO]  :  Closing JPA EntityManagerFactory for persistence unit 'default'
[INFO]  :  HikariPool-1 - Shutdown initiated...
[INFO]  :  HikariPool-1 - Shutdown completed.
[INFO]  :  Starting RoadReadyApplication using Java 21.0.4 with PID 4388 (D:\sts\RoadReady\target\classes started by bagul in D:\sts\RoadReady)
[INFO]  :  No active profile set, falling back to 1 default profile: "default"
[INFO]  :  Bootstrapping Spring Data JPA repositories in DEFAULT mode.
[INFO]  :  Finished Spring Data repository scanning in 58 ms. Found 6 JPA repository interfaces.
[WARN]  :  Bean 'org.springframework.ws.config.annotation.DelegatingWsConfiguration' of type [org.springframework.ws.config.annotation.DelegatingWsConfiguration$$SpringCGLIB$$0] is not eligible for getting processed by all BeanPostProcessors (for example: not eligible for auto-proxying). The currently created BeanPostProcessor [annotationActionEndpointMapping] is declared through a non-static factory method on that class; consider declaring it as static instead.
[INFO]  :  Supporting [WS-Addressing August 2004, WS-Addressing 1.0]
[INFO]  :  Tomcat initialized with port 8080 (http)
[INFO]  :  Starting service [Tomcat]
[INFO]  :  Starting Servlet engine: [Apache Tomcat/10.1.31]
[INFO]  :  Initializing Spring embedded WebApplicationContext
[INFO]  :  Root WebApplicationContext: initialization completed in 1271 ms
[INFO]  :  HHH000204: Processing PersistenceUnitInfo [name: default]
[INFO]  :  HHH000412: Hibernate ORM core version 6.5.3.Final
[INFO]  :  HHH000026: Second-level cache disabled
[INFO]  :  No LoadTimeWeaver setup: ignoring JPA class transformer
[INFO]  :  HikariPool-1 - Starting...
[WARN]  :  SQL Error: 1045, SQLState: 28000
[ERROR]  :  Access denied for user 'root'@'localhost' (using password: YES)
[WARN]  :  HHH000342: Could not obtain connection to query metadata
org.hibernate.exception.GenericJDBCException: unable to obtain isolated JDBC connection [Access denied for user 'root'@'localhost' (using password: YES)] [n/a]
	at org.hibernate.exception.internal.StandardSQLExceptionConverter.convert(StandardSQLExceptionConverter.java:63)
	at org.hibernate.engine.jdbc.spi.SqlExceptionHelper.convert(SqlExceptionHelper.java:108)
	at org.hibernate.engine.jdbc.spi.SqlExceptionHelper.convert(SqlExceptionHelper.java:94)
	at org.hibernate.resource.transaction.backend.jdbc.internal.JdbcIsolationDelegate.delegateWork(JdbcIsolationDelegate.java:116)
	at org.hibernate.engine.jdbc.env.internal.JdbcEnvironmentInitiator.getJdbcEnvironmentUsingJdbcMetadata(JdbcEnvironmentInitiator.java:292)
	at org.hibernate.engine.jdbc.env.internal.JdbcEnvironmentInitiator.initiateService(JdbcEnvironmentInitiator.java:124)
	at org.hibernate.engine.jdbc.env.internal.JdbcEnvironmentInitiator.initiateService(JdbcEnvironmentInitiator.java:78)
	at org.hibernate.boot.registry.internal.StandardServiceRegistryImpl.initiateService(StandardServiceRegistryImpl.java:130)
	at org.hibernate.service.internal.AbstractServiceRegistryImpl.createService(AbstractServiceRegistryImpl.java:263)
	at org.hibernate.service.internal.AbstractServiceRegistryImpl.initializeService(AbstractServiceRegistryImpl.java:238)
	at org.hibernate.service.internal.AbstractServiceRegistryImpl.getService(AbstractServiceRegistryImpl.java:215)
	at org.hibernate.boot.model.relational.Database.<init>(Database.java:45)
	at org.hibernate.boot.internal.InFlightMetadataCollectorImpl.getDatabase(InFlightMetadataCollectorImpl.java:221)
	at org.hibernate.boot.internal.InFlightMetadataCollectorImpl.<init>(InFlightMetadataCollectorImpl.java:189)
	at org.hibernate.boot.model.process.spi.MetadataBuildingProcess.complete(MetadataBuildingProcess.java:171)
	at org.hibernate.jpa.boot.internal.EntityManagerFactoryBuilderImpl.metadata(EntityManagerFactoryBuilderImpl.java:1431)
	at org.hibernate.jpa.boot.internal.EntityManagerFactoryBuilderImpl.build(EntityManagerFactoryBuilderImpl.java:1502)
	at org.springframework.orm.jpa.vendor.SpringHibernateJpaPersistenceProvider.createContainerEntityManagerFactory(SpringHibernateJpaPersistenceProvider.java:75)
	at org.springframework.orm.jpa.LocalContainerEntityManagerFactoryBean.createNativeEntityManagerFactory(LocalContainerEntityManagerFactoryBean.java:390)
	at org.springframework.orm.jpa.AbstractEntityManagerFactoryBean.buildNativeEntityManagerFactory(AbstractEntityManagerFactoryBean.java:409)
	at org.springframework.orm.jpa.AbstractEntityManagerFactoryBean.afterPropertiesSet(AbstractEntityManagerFactoryBean.java:396)
	at org.springframework.orm.jpa.LocalContainerEntityManagerFactoryBean.afterPropertiesSet(LocalContainerEntityManagerFactoryBean.java:366)
	at org.springframework.beans.factory.support.AbstractAutowireCapableBeanFactory.invokeInitMethods(AbstractAutowireCapableBeanFactory.java:1853)
	at org.springframework.beans.factory.support.AbstractAutowireCapableBeanFactory.initializeBean(AbstractAutowireCapableBeanFactory.java:1802)
	at org.springframework.beans.factory.support.AbstractAutowireCapableBeanFactory.doCreateBean(AbstractAutowireCapableBeanFactory.java:600)
	at org.springframework.beans.factory.support.AbstractAutowireCapableBeanFactory.createBean(AbstractAutowireCapableBeanFactory.java:522)
	at org.springframework.beans.factory.support.AbstractBeanFactory.lambda$doGetBean$0(AbstractBeanFactory.java:337)
	at org.springframework.beans.factory.support.DefaultSingletonBeanRegistry.getSingleton(DefaultSingletonBeanRegistry.java:234)
	at org.springframework.beans.factory.support.AbstractBeanFactory.doGetBean(AbstractBeanFactory.java:335)
	at org.springframework.beans.factory.support.AbstractBeanFactory.getBean(AbstractBeanFactory.java:205)
	at org.springframework.context.support.AbstractApplicationContext.finishBeanFactoryInitialization(AbstractApplicationContext.java:954)
	at org.springframework.context.support.AbstractApplicationContext.refresh(AbstractApplicationContext.java:625)
	at org.springframework.boot.web.servlet.context.ServletWebServerApplicationContext.refresh(ServletWebServerApplicationContext.java:146)
	at org.springframework.boot.SpringApplication.refresh(SpringApplication.java:754)
	at org.springframework.boot.SpringApplication.refreshContext(SpringApplication.java:456)
	at org.springframework.boot.SpringApplication.run(SpringApplication.java:335)
	at org.springframework.boot.SpringApplication.run(SpringApplication.java:1363)
	at org.springframework.boot.SpringApplication.run(SpringApplication.java:1352)
	at com.hexaware.roadready.RoadReadyApplication.main(RoadReadyApplication.java:10)
Caused by: java.sql.SQLException: Access denied for user 'root'@'localhost' (using password: YES)
	at com.mysql.cj.jdbc.exceptions.SQLError.createSQLException(SQLError.java:130)
	at com.mysql.cj.jdbc.exceptions.SQLExceptionsMapping.translateException(SQLExceptionsMapping.java:122)
	at com.mysql.cj.jdbc.ConnectionImpl.createNewIO(ConnectionImpl.java:815)
	at com.mysql.cj.jdbc.ConnectionImpl.<init>(ConnectionImpl.java:438)
	at com.mysql.cj.jdbc.ConnectionImpl.getInstance(ConnectionImpl.java:241)
	at com.mysql.cj.jdbc.NonRegisteringDriver.connect(NonRegisteringDriver.java:189)
	at com.zaxxer.hikari.util.DriverDataSource.getConnection(DriverDataSource.java:137)
	at com.zaxxer.hikari.pool.PoolBase.newConnection(PoolBase.java:360)
	at com.zaxxer.hikari.pool.PoolBase.newPoolEntry(PoolBase.java:202)
	at com.zaxxer.hikari.pool.HikariPool.createPoolEntry(HikariPool.java:461)
	at com.zaxxer.hikari.pool.HikariPool.checkFailFast(HikariPool.java:550)
	at com.zaxxer.hikari.pool.HikariPool.<init>(HikariPool.java:98)
	at com.zaxxer.hikari.HikariDataSource.getConnection(HikariDataSource.java:111)
	at org.hibernate.engine.jdbc.connections.internal.DatasourceConnectionProviderImpl.getConnection(DatasourceConnectionProviderImpl.java:122)
	at org.hibernate.engine.jdbc.env.internal.JdbcEnvironmentInitiator$ConnectionProviderJdbcConnectionAccess.obtainConnection(JdbcEnvironmentInitiator.java:439)
	at org.hibernate.resource.transaction.backend.jdbc.internal.JdbcIsolationDelegate.delegateWork(JdbcIsolationDelegate.java:61)
	... 35 common frames omitted
[WARN]  :  HHH90000025: MySQL8Dialect does not need to be specified explicitly using 'hibernate.dialect' (remove the property setting and it will be selected by default)
[WARN]  :  HHH90000026: MySQL8Dialect has been deprecated; use org.hibernate.dialect.MySQLDialect instead
[INFO]  :  HHH000489: No JTA platform available (set 'hibernate.transaction.jta.platform' to enable JTA platform integration)
[INFO]  :  HikariPool-1 - Starting...
[WARN]  :  SQL Error: 1045, SQLState: 28000
[ERROR]  :  Access denied for user 'root'@'localhost' (using password: YES)
[ERROR]  :  Failed to initialize JPA EntityManagerFactory: [PersistenceUnit: default] Unable to build Hibernate SessionFactory; nested exception is org.hibernate.exception.GenericJDBCException: Unable to open JDBC Connection for DDL execution [Access denied for user 'root'@'localhost' (using password: YES)] [n/a]
[WARN]  :  Exception encountered during context initialization - cancelling refresh attempt: org.springframework.beans.factory.BeanCreationException: Error creating bean with name 'entityManagerFactory' defined in class path resource [org/springframework/boot/autoconfigure/orm/jpa/HibernateJpaConfiguration.class]: [PersistenceUnit: default] Unable to build Hibernate SessionFactory; nested exception is org.hibernate.exception.GenericJDBCException: Unable to open JDBC Connection for DDL execution [Access denied for user 'root'@'localhost' (using password: YES)] [n/a]
[INFO]  :  Stopping service [Tomcat]
[INFO]  :  

Error starting ApplicationContext. To display the condition evaluation report re-run your application with 'debug' enabled.
[ERROR]  :  Application run failed
org.springframework.beans.factory.BeanCreationException: Error creating bean with name 'entityManagerFactory' defined in class path resource [org/springframework/boot/autoconfigure/orm/jpa/HibernateJpaConfiguration.class]: [PersistenceUnit: default] Unable to build Hibernate SessionFactory; nested exception is org.hibernate.exception.GenericJDBCException: Unable to open JDBC Connection for DDL execution [Access denied for user 'root'@'localhost' (using password: YES)] [n/a]
	at org.springframework.beans.factory.support.AbstractAutowireCapableBeanFactory.initializeBean(AbstractAutowireCapableBeanFactory.java:1806)
	at org.springframework.beans.factory.support.AbstractAutowireCapableBeanFactory.doCreateBean(AbstractAutowireCapableBeanFactory.java:600)
	at org.springframework.beans.factory.support.AbstractAutowireCapableBeanFactory.createBean(AbstractAutowireCapableBeanFactory.java:522)
	at org.springframework.beans.factory.support.AbstractBeanFactory.lambda$doGetBean$0(AbstractBeanFactory.java:337)
	at org.springframework.beans.factory.support.DefaultSingletonBeanRegistry.getSingleton(DefaultSingletonBeanRegistry.java:234)
	at org.springframework.beans.factory.support.AbstractBeanFactory.doGetBean(AbstractBeanFactory.java:335)
	at org.springframework.beans.factory.support.AbstractBeanFactory.getBean(AbstractBeanFactory.java:205)
	at org.springframework.context.support.AbstractApplicationContext.finishBeanFactoryInitialization(AbstractApplicationContext.java:954)
	at org.springframework.context.support.AbstractApplicationContext.refresh(AbstractApplicationContext.java:625)
	at org.springframework.boot.web.servlet.context.ServletWebServerApplicationContext.refresh(ServletWebServerApplicationContext.java:146)
	at org.springframework.boot.SpringApplication.refresh(SpringApplication.java:754)
	at org.springframework.boot.SpringApplication.refreshContext(SpringApplication.java:456)
	at org.springframework.boot.SpringApplication.run(SpringApplication.java:335)
	at org.springframework.boot.SpringApplication.run(SpringApplication.java:1363)
	at org.springframework.boot.SpringApplication.run(SpringApplication.java:1352)
	at com.hexaware.roadready.RoadReadyApplication.main(RoadReadyApplication.java:10)
Caused by: jakarta.persistence.PersistenceException: [PersistenceUnit: default] Unable to build Hibernate SessionFactory; nested exception is org.hibernate.exception.GenericJDBCException: Unable to open JDBC Connection for DDL execution [Access denied for user 'root'@'localhost' (using password: YES)] [n/a]
	at org.springframework.orm.jpa.AbstractEntityManagerFactoryBean.buildNativeEntityManagerFactory(AbstractEntityManagerFactoryBean.java:421)
	at org.springframework.orm.jpa.AbstractEntityManagerFactoryBean.afterPropertiesSet(AbstractEntityManagerFactoryBean.java:396)
	at org.springframework.orm.jpa.LocalContainerEntityManagerFactoryBean.afterPropertiesSet(LocalContainerEntityManagerFactoryBean.java:366)
	at org.springframework.beans.factory.support.AbstractAutowireCapableBeanFactory.invokeInitMethods(AbstractAutowireCapableBeanFactory.java:1853)
	at org.springframework.beans.factory.support.AbstractAutowireCapableBeanFactory.initializeBean(AbstractAutowireCapableBeanFactory.java:1802)
	... 15 common frames omitted
Caused by: org.hibernate.exception.GenericJDBCException: Unable to open JDBC Connection for DDL execution [Access denied for user 'root'@'localhost' (using password: YES)] [n/a]
	at org.hibernate.exception.internal.StandardSQLExceptionConverter.convert(StandardSQLExceptionConverter.java:63)
	at org.hibernate.engine.jdbc.spi.SqlExceptionHelper.convert(SqlExceptionHelper.java:108)
	at org.hibernate.engine.jdbc.spi.SqlExceptionHelper.convert(SqlExceptionHelper.java:94)
	at org.hibernate.resource.transaction.backend.jdbc.internal.DdlTransactionIsolatorNonJtaImpl.getIsolatedConnection(DdlTransactionIsolatorNonJtaImpl.java:74)
	at org.hibernate.resource.transaction.backend.jdbc.internal.DdlTransactionIsolatorNonJtaImpl.getIsolatedConnection(DdlTransactionIsolatorNonJtaImpl.java:39)
	at org.hibernate.tool.schema.internal.exec.ImprovedExtractionContextImpl.getJdbcConnection(ImprovedExtractionContextImpl.java:63)
	at org.hibernate.tool.schema.internal.exec.ImprovedExtractionContextImpl.getJdbcDatabaseMetaData(ImprovedExtractionContextImpl.java:70)
	at org.hibernate.tool.schema.extract.internal.InformationExtractorJdbcDatabaseMetaDataImpl.processTableResultSet(InformationExtractorJdbcDatabaseMetaDataImpl.java:65)
	at org.hibernate.tool.schema.extract.internal.AbstractInformationExtractorImpl.getTables(AbstractInformationExtractorImpl.java:570)
	at org.hibernate.tool.schema.extract.internal.DatabaseInformationImpl.getTablesInformation(DatabaseInformationImpl.java:122)
	at org.hibernate.tool.schema.internal.GroupedSchemaMigratorImpl.performTablesMigration(GroupedSchemaMigratorImpl.java:72)
	at org.hibernate.tool.schema.internal.AbstractSchemaMigrator.performMigration(AbstractSchemaMigrator.java:240)
	at org.hibernate.tool.schema.internal.AbstractSchemaMigrator.doMigration(AbstractSchemaMigrator.java:119)
	at org.hibernate.tool.schema.spi.SchemaManagementToolCoordinator.performDatabaseAction(SchemaManagementToolCoordinator.java:280)
	at org.hibernate.tool.schema.spi.SchemaManagementToolCoordinator.lambda$process$5(SchemaManagementToolCoordinator.java:144)
	at java.base/java.util.HashMap.forEach(HashMap.java:1429)
	at org.hibernate.tool.schema.spi.SchemaManagementToolCoordinator.process(SchemaManagementToolCoordinator.java:141)
	at org.hibernate.boot.internal.SessionFactoryObserverForSchemaExport.sessionFactoryCreated(SessionFactoryObserverForSchemaExport.java:37)
	at org.hibernate.internal.SessionFactoryObserverChain.sessionFactoryCreated(SessionFactoryObserverChain.java:35)
	at org.hibernate.internal.SessionFactoryImpl.<init>(SessionFactoryImpl.java:322)
	at org.hibernate.boot.internal.SessionFactoryBuilderImpl.build(SessionFactoryBuilderImpl.java:457)
	at org.hibernate.jpa.boot.internal.EntityManagerFactoryBuilderImpl.build(EntityManagerFactoryBuilderImpl.java:1506)
	at org.springframework.orm.jpa.vendor.SpringHibernateJpaPersistenceProvider.createContainerEntityManagerFactory(SpringHibernateJpaPersistenceProvider.java:75)
	at org.springframework.orm.jpa.LocalContainerEntityManagerFactoryBean.createNativeEntityManagerFactory(LocalContainerEntityManagerFactoryBean.java:390)
	at org.springframework.orm.jpa.AbstractEntityManagerFactoryBean.buildNativeEntityManagerFactory(AbstractEntityManagerFactoryBean.java:409)
	... 19 common frames omitted
Caused by: java.sql.SQLException: Access denied for user 'root'@'localhost' (using password: YES)
	at com.mysql.cj.jdbc.exceptions.SQLError.createSQLException(SQLError.java:130)
	at com.mysql.cj.jdbc.exceptions.SQLExceptionsMapping.translateException(SQLExceptionsMapping.java:122)
	at com.mysql.cj.jdbc.ConnectionImpl.createNewIO(ConnectionImpl.java:815)
	at com.mysql.cj.jdbc.ConnectionImpl.<init>(ConnectionImpl.java:438)
	at com.mysql.cj.jdbc.ConnectionImpl.getInstance(ConnectionImpl.java:241)
	at com.mysql.cj.jdbc.NonRegisteringDriver.connect(NonRegisteringDriver.java:189)
	at com.zaxxer.hikari.util.DriverDataSource.getConnection(DriverDataSource.java:137)
	at com.zaxxer.hikari.pool.PoolBase.newConnection(PoolBase.java:360)
	at com.zaxxer.hikari.pool.PoolBase.newPoolEntry(PoolBase.java:202)
	at com.zaxxer.hikari.pool.HikariPool.createPoolEntry(HikariPool.java:461)
	at com.zaxxer.hikari.pool.HikariPool.checkFailFast(HikariPool.java:550)
	at com.zaxxer.hikari.pool.HikariPool.<init>(HikariPool.java:98)
	at com.zaxxer.hikari.HikariDataSource.getConnection(HikariDataSource.java:111)
	at org.hibernate.engine.jdbc.connections.internal.DatasourceConnectionProviderImpl.getConnection(DatasourceConnectionProviderImpl.java:122)
	at org.hibernate.engine.jdbc.env.internal.JdbcEnvironmentInitiator$ConnectionProviderJdbcConnectionAccess.obtainConnection(JdbcEnvironmentInitiator.java:439)
	at org.hibernate.resource.transaction.backend.jdbc.internal.DdlTransactionIsolatorNonJtaImpl.getIsolatedConnection(DdlTransactionIsolatorNonJtaImpl.java:46)
	... 40 common frames omitted
[INFO]  :  Starting RoadReadyApplication using Java 21.0.4 with PID 11416 (D:\sts\RoadReady\target\classes started by bagul in D:\sts\RoadReady)
[INFO]  :  No active profile set, falling back to 1 default profile: "default"
[INFO]  :  Bootstrapping Spring Data JPA repositories in DEFAULT mode.
[INFO]  :  Finished Spring Data repository scanning in 57 ms. Found 6 JPA repository interfaces.
[WARN]  :  Bean 'org.springframework.ws.config.annotation.DelegatingWsConfiguration' of type [org.springframework.ws.config.annotation.DelegatingWsConfiguration$$SpringCGLIB$$0] is not eligible for getting processed by all BeanPostProcessors (for example: not eligible for auto-proxying). The currently created BeanPostProcessor [annotationActionEndpointMapping] is declared through a non-static factory method on that class; consider declaring it as static instead.
[INFO]  :  Supporting [WS-Addressing August 2004, WS-Addressing 1.0]
[INFO]  :  Tomcat initialized with port 8080 (http)
[INFO]  :  Starting service [Tomcat]
[INFO]  :  Starting Servlet engine: [Apache Tomcat/10.1.31]
[INFO]  :  Initializing Spring embedded WebApplicationContext
[INFO]  :  Root WebApplicationContext: initialization completed in 1263 ms
[INFO]  :  HHH000204: Processing PersistenceUnitInfo [name: default]
[INFO]  :  HHH000412: Hibernate ORM core version 6.5.3.Final
[INFO]  :  HHH000026: Second-level cache disabled
[INFO]  :  No LoadTimeWeaver setup: ignoring JPA class transformer
[INFO]  :  HikariPool-1 - Starting...
[INFO]  :  HikariPool-1 - Added connection com.mysql.cj.jdbc.ConnectionImpl@236a4d30
[INFO]  :  HikariPool-1 - Start completed.
[WARN]  :  HHH90000025: MySQL8Dialect does not need to be specified explicitly using 'hibernate.dialect' (remove the property setting and it will be selected by default)
[WARN]  :  HHH90000026: MySQL8Dialect has been deprecated; use org.hibernate.dialect.MySQLDialect instead
[INFO]  :  HHH000489: No JTA platform available (set 'hibernate.transaction.jta.platform' to enable JTA platform integration)
[INFO]  :  Initialized JPA EntityManagerFactory for persistence unit 'default'
[INFO]  :  Hibernate is in classpath; If applicable, HQL parser will be used.
[WARN]  :  spring.jpa.open-in-view is enabled by default. Therefore, database queries may be performed during view rendering. Explicitly configure spring.jpa.open-in-view to disable this warning
[INFO]  :  Tomcat started on port 8080 (http) with context path '/'
[INFO]  :  Started RoadReadyApplication in 4.793 seconds (process running for 5.447)
[INFO]  :  Initializing Spring DispatcherServlet 'dispatcherServlet'
[INFO]  :  Initializing Servlet 'dispatcherServlet'
[INFO]  :  Completed initialization in 2 ms
[INFO]  :  Init duration for springdoc-openapi is: 764 ms
[INFO]  :  Starting CarServiceImplTest using Java 21.0.4 with PID 7880 (started by bagul in D:\sts\RoadReady)
[INFO]  :  No active profile set, falling back to 1 default profile: "default"
[INFO]  :  Bootstrapping Spring Data JPA repositories in DEFAULT mode.
[INFO]  :  Finished Spring Data repository scanning in 115 ms. Found 6 JPA repository interfaces.
[WARN]  :  Bean 'org.springframework.ws.config.annotation.DelegatingWsConfiguration' of type [org.springframework.ws.config.annotation.DelegatingWsConfiguration$$SpringCGLIB$$0] is not eligible for getting processed by all BeanPostProcessors (for example: not eligible for auto-proxying). The currently created BeanPostProcessor [annotationActionEndpointMapping] is declared through a non-static factory method on that class; consider declaring it as static instead.
[INFO]  :  Supporting [WS-Addressing August 2004, WS-Addressing 1.0]
[INFO]  :  HHH000204: Processing PersistenceUnitInfo [name: default]
[INFO]  :  HHH000412: Hibernate ORM core version 6.5.3.Final
[INFO]  :  HHH000026: Second-level cache disabled
[INFO]  :  No LoadTimeWeaver setup: ignoring JPA class transformer
[INFO]  :  HikariPool-1 - Starting...
[INFO]  :  HikariPool-1 - Added connection com.mysql.cj.jdbc.ConnectionImpl@7037a680
[INFO]  :  HikariPool-1 - Start completed.
[WARN]  :  HHH90000025: MySQL8Dialect does not need to be specified explicitly using 'hibernate.dialect' (remove the property setting and it will be selected by default)
[WARN]  :  HHH90000026: MySQL8Dialect has been deprecated; use org.hibernate.dialect.MySQLDialect instead
[INFO]  :  HHH000489: No JTA platform available (set 'hibernate.transaction.jta.platform' to enable JTA platform integration)
[INFO]  :  Initialized JPA EntityManagerFactory for persistence unit 'default'
[INFO]  :  Hibernate is in classpath; If applicable, HQL parser will be used.
[WARN]  :  spring.jpa.open-in-view is enabled by default. Therefore, database queries may be performed during view rendering. Explicitly configure spring.jpa.open-in-view to disable this warning
[INFO]  :  Started CarServiceImplTest in 7.898 seconds (process running for 11.67)
[INFO]  :  Car details found by car type
[INFO]  :  Car details found by car type
[INFO]  :  Car details found by made year
[INFO]  :  Exist Car Details Updated
[INFO]  :  All car details received
[INFO]  :  Car Availability checked using start and end date
[ERROR]  :  Car details deleted
[INFO]  :  New Car Details Added
[WARN]  :  SQL Error: 1062, SQLState: 23000
[ERROR]  :  Duplicate entry 'GJ05AC4577' for key 'cars.UKdbc9idlyetvssufb2vxicvb87'
[INFO]  :  Car details found by car type
[INFO]  :  Closing JPA EntityManagerFactory for persistence unit 'default'
[INFO]  :  HikariPool-1 - Shutdown initiated...
[INFO]  :  HikariPool-1 - Shutdown completed.
[INFO]  :  Starting CarServiceImplTest using Java 21.0.4 with PID 12936 (started by bagul in D:\sts\RoadReady)
[INFO]  :  No active profile set, falling back to 1 default profile: "default"
[INFO]  :  Bootstrapping Spring Data JPA repositories in DEFAULT mode.
[INFO]  :  Finished Spring Data repository scanning in 112 ms. Found 6 JPA repository interfaces.
[WARN]  :  Bean 'org.springframework.ws.config.annotation.DelegatingWsConfiguration' of type [org.springframework.ws.config.annotation.DelegatingWsConfiguration$$SpringCGLIB$$0] is not eligible for getting processed by all BeanPostProcessors (for example: not eligible for auto-proxying). The currently created BeanPostProcessor [annotationActionEndpointMapping] is declared through a non-static factory method on that class; consider declaring it as static instead.
[INFO]  :  Supporting [WS-Addressing August 2004, WS-Addressing 1.0]
[INFO]  :  HHH000204: Processing PersistenceUnitInfo [name: default]
[INFO]  :  HHH000412: Hibernate ORM core version 6.5.3.Final
[INFO]  :  HHH000026: Second-level cache disabled
[INFO]  :  No LoadTimeWeaver setup: ignoring JPA class transformer
[INFO]  :  HikariPool-1 - Starting...
[INFO]  :  HikariPool-1 - Added connection com.mysql.cj.jdbc.ConnectionImpl@42edde25
[INFO]  :  HikariPool-1 - Start completed.
[WARN]  :  HHH90000025: MySQL8Dialect does not need to be specified explicitly using 'hibernate.dialect' (remove the property setting and it will be selected by default)
[WARN]  :  HHH90000026: MySQL8Dialect has been deprecated; use org.hibernate.dialect.MySQLDialect instead
[INFO]  :  HHH000489: No JTA platform available (set 'hibernate.transaction.jta.platform' to enable JTA platform integration)
[INFO]  :  Initialized JPA EntityManagerFactory for persistence unit 'default'
[INFO]  :  Hibernate is in classpath; If applicable, HQL parser will be used.
[WARN]  :  spring.jpa.open-in-view is enabled by default. Therefore, database queries may be performed during view rendering. Explicitly configure spring.jpa.open-in-view to disable this warning
[INFO]  :  Started CarServiceImplTest in 8.743 seconds (process running for 10.358)
[INFO]  :  Car details found by car type
[INFO]  :  Car details found by car type
[INFO]  :  Car details found by made year
[INFO]  :  Exist Car Details Updated
[WARN]  :  SQL Error: 1062, SQLState: 23000
[ERROR]  :  Duplicate entry 'GJ05AC4577' for key 'cars.UKdbc9idlyetvssufb2vxicvb87'
[INFO]  :  All car details received
[INFO]  :  Car Availability checked using start and end date
[ERROR]  :  Car details deleted
[INFO]  :  New Car Details Added
[WARN]  :  SQL Error: 1062, SQLState: 23000
[ERROR]  :  Duplicate entry 'GJ05AC4577' for key 'cars.UKdbc9idlyetvssufb2vxicvb87'
[INFO]  :  Car details found by car type
[INFO]  :  Closing JPA EntityManagerFactory for persistence unit 'default'
[INFO]  :  HikariPool-1 - Shutdown initiated...
[INFO]  :  HikariPool-1 - Shutdown completed.
[INFO]  :  Starting CarServiceImplTest using Java 21.0.4 with PID 11456 (started by bagul in D:\sts\RoadReady)
[INFO]  :  No active profile set, falling back to 1 default profile: "default"
[INFO]  :  Bootstrapping Spring Data JPA repositories in DEFAULT mode.
[INFO]  :  Finished Spring Data repository scanning in 107 ms. Found 6 JPA repository interfaces.
[WARN]  :  Bean 'org.springframework.ws.config.annotation.DelegatingWsConfiguration' of type [org.springframework.ws.config.annotation.DelegatingWsConfiguration$$SpringCGLIB$$0] is not eligible for getting processed by all BeanPostProcessors (for example: not eligible for auto-proxying). The currently created BeanPostProcessor [annotationActionEndpointMapping] is declared through a non-static factory method on that class; consider declaring it as static instead.
[INFO]  :  Supporting [WS-Addressing August 2004, WS-Addressing 1.0]
[INFO]  :  HHH000204: Processing PersistenceUnitInfo [name: default]
[INFO]  :  HHH000412: Hibernate ORM core version 6.5.3.Final
[INFO]  :  HHH000026: Second-level cache disabled
[INFO]  :  No LoadTimeWeaver setup: ignoring JPA class transformer
[INFO]  :  HikariPool-1 - Starting...
[INFO]  :  HikariPool-1 - Added connection com.mysql.cj.jdbc.ConnectionImpl@42edde25
[INFO]  :  HikariPool-1 - Start completed.
[WARN]  :  HHH90000025: MySQL8Dialect does not need to be specified explicitly using 'hibernate.dialect' (remove the property setting and it will be selected by default)
[WARN]  :  HHH90000026: MySQL8Dialect has been deprecated; use org.hibernate.dialect.MySQLDialect instead
[INFO]  :  HHH000489: No JTA platform available (set 'hibernate.transaction.jta.platform' to enable JTA platform integration)
[INFO]  :  Initialized JPA EntityManagerFactory for persistence unit 'default'
[INFO]  :  Hibernate is in classpath; If applicable, HQL parser will be used.
[WARN]  :  spring.jpa.open-in-view is enabled by default. Therefore, database queries may be performed during view rendering. Explicitly configure spring.jpa.open-in-view to disable this warning
[INFO]  :  Started CarServiceImplTest in 8.602 seconds (process running for 10.361)
[INFO]  :  Car details found by car type
[INFO]  :  Car details found by car type
[INFO]  :  Car details found by made year
[INFO]  :  Exist Car Details Updated
[INFO]  :  All car details received
[INFO]  :  Car Availability checked using start and end date
[ERROR]  :  Car details deleted
[INFO]  :  New Car Details Added
[INFO]  :  Car details found by car type
[INFO]  :  Closing JPA EntityManagerFactory for persistence unit 'default'
[INFO]  :  HikariPool-1 - Shutdown initiated...
[INFO]  :  HikariPool-1 - Shutdown completed.
[INFO]  :  Starting RoadReadyApplication using Java 21.0.4 with PID 2120 (D:\sts\RoadReady\target\classes started by bagul in D:\sts\RoadReady)
[INFO]  :  No active profile set, falling back to 1 default profile: "default"
[INFO]  :  Bootstrapping Spring Data JPA repositories in DEFAULT mode.
[INFO]  :  Finished Spring Data repository scanning in 100 ms. Found 6 JPA repository interfaces.
[WARN]  :  Bean 'org.springframework.ws.config.annotation.DelegatingWsConfiguration' of type [org.springframework.ws.config.annotation.DelegatingWsConfiguration$$SpringCGLIB$$0] is not eligible for getting processed by all BeanPostProcessors (for example: not eligible for auto-proxying). The currently created BeanPostProcessor [annotationActionEndpointMapping] is declared through a non-static factory method on that class; consider declaring it as static instead.
[INFO]  :  Supporting [WS-Addressing August 2004, WS-Addressing 1.0]
[INFO]  :  Tomcat initialized with port 8080 (http)
[INFO]  :  Starting service [Tomcat]
[INFO]  :  Starting Servlet engine: [Apache Tomcat/10.1.31]
[INFO]  :  Initializing Spring embedded WebApplicationContext
[INFO]  :  Root WebApplicationContext: initialization completed in 2302 ms
[INFO]  :  HHH000204: Processing PersistenceUnitInfo [name: default]
[INFO]  :  HHH000412: Hibernate ORM core version 6.5.3.Final
[INFO]  :  HHH000026: Second-level cache disabled
[INFO]  :  No LoadTimeWeaver setup: ignoring JPA class transformer
[INFO]  :  HikariPool-1 - Starting...
[INFO]  :  HikariPool-1 - Added connection com.mysql.cj.jdbc.ConnectionImpl@1d5048d1
[INFO]  :  HikariPool-1 - Start completed.
[WARN]  :  HHH90000025: MySQL8Dialect does not need to be specified explicitly using 'hibernate.dialect' (remove the property setting and it will be selected by default)
[WARN]  :  HHH90000026: MySQL8Dialect has been deprecated; use org.hibernate.dialect.MySQLDialect instead
[INFO]  :  HHH000489: No JTA platform available (set 'hibernate.transaction.jta.platform' to enable JTA platform integration)
[INFO]  :  Initialized JPA EntityManagerFactory for persistence unit 'default'
[INFO]  :  Hibernate is in classpath; If applicable, HQL parser will be used.
[WARN]  :  spring.jpa.open-in-view is enabled by default. Therefore, database queries may be performed during view rendering. Explicitly configure spring.jpa.open-in-view to disable this warning
[INFO]  :  Tomcat started on port 8080 (http) with context path '/'
[INFO]  :  Started RoadReadyApplication in 8.06 seconds (process running for 9.494)
[INFO]  :  Initializing Spring DispatcherServlet 'dispatcherServlet'
[INFO]  :  Initializing Servlet 'dispatcherServlet'
[INFO]  :  Completed initialization in 2 ms
[INFO]  :  Init duration for springdoc-openapi is: 1197 ms
[INFO]  :  New Role details added
[WARN]  :  Resolved [org.springframework.web.bind.MethodArgumentNotValidException: Validation failed for argument [0] in private com.hexaware.roadready.entities.Bookings com.hexaware.roadready.restcontroller.BookingRestController.addBooking(com.hexaware.roadready.entities.Bookings): [Field error in object 'bookings' on field 'endDate': rejected value [2024-11-19]; codes [Future.bookings.endDate,Future.endDate,Future.java.time.LocalDate,Future]; arguments [org.springframework.context.support.DefaultMessageSourceResolvable: codes [bookings.endDate,endDate]; arguments []; default message [endDate]]; default message [End date must be in the future.]] ]
[WARN]  :  Resolved [org.springframework.web.bind.MethodArgumentNotValidException: Validation failed for argument [0] in private com.hexaware.roadready.entities.Bookings com.hexaware.roadready.restcontroller.BookingRestController.addBooking(com.hexaware.roadready.entities.Bookings) with 4 errors: [Field error in object 'bookings' on field 'totalPrice': rejected value [0]; codes [DecimalMin.bookings.totalPrice,DecimalMin.totalPrice,DecimalMin.java.math.BigDecimal,DecimalMin]; arguments [org.springframework.context.support.DefaultMessageSourceResolvable: codes [bookings.totalPrice,totalPrice]; arguments []; default message [totalPrice],true,0.01]; default message [Total price must be greater than zero.]] [Field error in object 'bookings' on field 'endDate': rejected value [2024-11-17]; codes [Future.bookings.endDate,Future.endDate,Future.java.time.LocalDate,Future]; arguments [org.springframework.context.support.DefaultMessageSourceResolvable: codes [bookings.endDate,endDate]; arguments []; default message [endDate]]; default message [End date must be in the future.]] [Field error in object 'bookings' on field 'startDate': rejected value [2024-11-17]; codes [FutureOrPresent.bookings.startDate,FutureOrPresent.startDate,FutureOrPresent.java.time.LocalDate,FutureOrPresent]; arguments [org.springframework.context.support.DefaultMessageSourceResolvable: codes [bookings.startDate,startDate]; arguments []; default message [startDate]]; default message [Start date must be today or in the future.]] [Field error in object 'bookings' on field 'status': rejected value [string]; codes [Pattern.bookings.status,Pattern.status,Pattern.java.lang.String,Pattern]; arguments [org.springframework.context.support.DefaultMessageSourceResolvable: codes [bookings.status,status]; arguments []; default message [status],[Ljakarta.validation.constraints.Pattern$Flag;@44ff4de1,^(PENDING|CONFIRMED|CANCELLED)$]; default message [Status must be PENDING, CONFIRMED, or CANCELLED.]] ]
[WARN]  :  Resolved [org.springframework.web.bind.MethodArgumentNotValidException: Validation failed for argument [0] in private com.hexaware.roadready.entities.Bookings com.hexaware.roadready.restcontroller.BookingRestController.addBooking(com.hexaware.roadready.entities.Bookings) with 2 errors: [Field error in object 'bookings' on field 'endDate': rejected value [2024-11-19]; codes [Future.bookings.endDate,Future.endDate,Future.java.time.LocalDate,Future]; arguments [org.springframework.context.support.DefaultMessageSourceResolvable: codes [bookings.endDate,endDate]; arguments []; default message [endDate]]; default message [End date must be in the future.]] [Field error in object 'bookings' on field 'status': rejected value [string]; codes [Pattern.bookings.status,Pattern.status,Pattern.java.lang.String,Pattern]; arguments [org.springframework.context.support.DefaultMessageSourceResolvable: codes [bookings.status,status]; arguments []; default message [status],[Ljakarta.validation.constraints.Pattern$Flag;@44ff4de1,^(PENDING|CONFIRMED|CANCELLED)$]; default message [Status must be PENDING, CONFIRMED, or CANCELLED.]] ]
[WARN]  :  Resolved [org.springframework.web.bind.MethodArgumentNotValidException: Validation failed for argument [0] in private com.hexaware.roadready.entities.Bookings com.hexaware.roadready.restcontroller.BookingRestController.addBooking(com.hexaware.roadready.entities.Bookings): [Field error in object 'bookings' on field 'status': rejected value [string]; codes [Pattern.bookings.status,Pattern.status,Pattern.java.lang.String,Pattern]; arguments [org.springframework.context.support.DefaultMessageSourceResolvable: codes [bookings.status,status]; arguments []; default message [status],[Ljakarta.validation.constraints.Pattern$Flag;@44ff4de1,^(PENDING|CONFIRMED|CANCELLED)$]; default message [Status must be PENDING, CONFIRMED, or CANCELLED.]] ]
[INFO]  :  Application shutdown requested.
[INFO]  :  Closing JPA EntityManagerFactory for persistence unit 'default'
[INFO]  :  HikariPool-1 - Shutdown initiated...
[INFO]  :  HikariPool-1 - Shutdown completed.
[INFO]  :  Starting RoadReadyApplication using Java 21.0.4 with PID 2704 (D:\sts\RoadReady\target\classes started by bagul in D:\sts\RoadReady)
[INFO]  :  No active profile set, falling back to 1 default profile: "default"
[INFO]  :  Bootstrapping Spring Data JPA repositories in DEFAULT mode.
[INFO]  :  Finished Spring Data repository scanning in 94 ms. Found 6 JPA repository interfaces.
[WARN]  :  Bean 'org.springframework.ws.config.annotation.DelegatingWsConfiguration' of type [org.springframework.ws.config.annotation.DelegatingWsConfiguration$$SpringCGLIB$$0] is not eligible for getting processed by all BeanPostProcessors (for example: not eligible for auto-proxying). The currently created BeanPostProcessor [annotationActionEndpointMapping] is declared through a non-static factory method on that class; consider declaring it as static instead.
[INFO]  :  Supporting [WS-Addressing August 2004, WS-Addressing 1.0]
[INFO]  :  Tomcat initialized with port 8080 (http)
[INFO]  :  Starting service [Tomcat]
[INFO]  :  Starting Servlet engine: [Apache Tomcat/10.1.31]
[INFO]  :  Initializing Spring embedded WebApplicationContext
[INFO]  :  Root WebApplicationContext: initialization completed in 2017 ms
[INFO]  :  HHH000204: Processing PersistenceUnitInfo [name: default]
[INFO]  :  HHH000412: Hibernate ORM core version 6.5.3.Final
[INFO]  :  HHH000026: Second-level cache disabled
[INFO]  :  No LoadTimeWeaver setup: ignoring JPA class transformer
[INFO]  :  HikariPool-1 - Starting...
[INFO]  :  HikariPool-1 - Added connection com.mysql.cj.jdbc.ConnectionImpl@78743dd8
[INFO]  :  HikariPool-1 - Start completed.
[WARN]  :  HHH90000025: MySQL8Dialect does not need to be specified explicitly using 'hibernate.dialect' (remove the property setting and it will be selected by default)
[WARN]  :  HHH90000026: MySQL8Dialect has been deprecated; use org.hibernate.dialect.MySQLDialect instead
[INFO]  :  HHH000489: No JTA platform available (set 'hibernate.transaction.jta.platform' to enable JTA platform integration)
[INFO]  :  Initialized JPA EntityManagerFactory for persistence unit 'default'
[INFO]  :  Hibernate is in classpath; If applicable, HQL parser will be used.
[WARN]  :  spring.jpa.open-in-view is enabled by default. Therefore, database queries may be performed during view rendering. Explicitly configure spring.jpa.open-in-view to disable this warning
[INFO]  :  Tomcat started on port 8080 (http) with context path '/'
[INFO]  :  Started RoadReadyApplication in 7.653 seconds (process running for 8.744)
[INFO]  :  Application shutdown requested.
[INFO]  :  Closing JPA EntityManagerFactory for persistence unit 'default'
[INFO]  :  HikariPool-1 - Shutdown initiated...
[INFO]  :  HikariPool-1 - Shutdown completed.
[INFO]  :  Starting RoadReadyApplication using Java 21.0.4 with PID 10268 (D:\sts\RoadReady\target\classes started by bagul in D:\sts\RoadReady)
[INFO]  :  No active profile set, falling back to 1 default profile: "default"
[INFO]  :  Bootstrapping Spring Data JPA repositories in DEFAULT mode.
[INFO]  :  Finished Spring Data repository scanning in 87 ms. Found 6 JPA repository interfaces.
[WARN]  :  Bean 'org.springframework.ws.config.annotation.DelegatingWsConfiguration' of type [org.springframework.ws.config.annotation.DelegatingWsConfiguration$$SpringCGLIB$$0] is not eligible for getting processed by all BeanPostProcessors (for example: not eligible for auto-proxying). The currently created BeanPostProcessor [annotationActionEndpointMapping] is declared through a non-static factory method on that class; consider declaring it as static instead.
[INFO]  :  Supporting [WS-Addressing August 2004, WS-Addressing 1.0]
[INFO]  :  Tomcat initialized with port 8080 (http)
[INFO]  :  Starting service [Tomcat]
[INFO]  :  Starting Servlet engine: [Apache Tomcat/10.1.31]
[INFO]  :  Initializing Spring embedded WebApplicationContext
[INFO]  :  Root WebApplicationContext: initialization completed in 2071 ms
[INFO]  :  HHH000204: Processing PersistenceUnitInfo [name: default]
[INFO]  :  HHH000412: Hibernate ORM core version 6.5.3.Final
[INFO]  :  HHH000026: Second-level cache disabled
[INFO]  :  No LoadTimeWeaver setup: ignoring JPA class transformer
[INFO]  :  HikariPool-1 - Starting...
[INFO]  :  HikariPool-1 - Added connection com.mysql.cj.jdbc.ConnectionImpl@1d5048d1
[INFO]  :  HikariPool-1 - Start completed.
[WARN]  :  HHH90000025: MySQL8Dialect does not need to be specified explicitly using 'hibernate.dialect' (remove the property setting and it will be selected by default)
[WARN]  :  HHH90000026: MySQL8Dialect has been deprecated; use org.hibernate.dialect.MySQLDialect instead
[INFO]  :  HHH000489: No JTA platform available (set 'hibernate.transaction.jta.platform' to enable JTA platform integration)
[INFO]  :  Initialized JPA EntityManagerFactory for persistence unit 'default'
[INFO]  :  Hibernate is in classpath; If applicable, HQL parser will be used.
[WARN]  :  spring.jpa.open-in-view is enabled by default. Therefore, database queries may be performed during view rendering. Explicitly configure spring.jpa.open-in-view to disable this warning
[INFO]  :  Tomcat started on port 8080 (http) with context path '/'
[INFO]  :  Started RoadReadyApplication in 7.681 seconds (process running for 8.768)
[INFO]  :  Initializing Spring DispatcherServlet 'dispatcherServlet'
[INFO]  :  Initializing Servlet 'dispatcherServlet'
[INFO]  :  Completed initialization in 2 ms
[WARN]  :  SQL Error: 1452, SQLState: 23000
[ERROR]  :  Cannot add or update a child row: a foreign key constraint fails (`roadready`.`bookings`, CONSTRAINT `FKj1y19nc7wf0rdp24pyhomn7ck` FOREIGN KEY (`car_id`) REFERENCES `cars` (`car_id`))
[ERROR]  :  Servlet.service() for servlet [dispatcherServlet] in context with path [] threw exception [Request processing failed: org.springframework.dao.DataIntegrityViolationException: could not execute statement [Cannot add or update a child row: a foreign key constraint fails (`roadready`.`bookings`, CONSTRAINT `FKj1y19nc7wf0rdp24pyhomn7ck` FOREIGN KEY (`car_id`) REFERENCES `cars` (`car_id`))] [insert into bookings (car_id,end_date,start_date,status,total_price,user_id) values (?,?,?,?,?,?)]; SQL [insert into bookings (car_id,end_date,start_date,status,total_price,user_id) values (?,?,?,?,?,?)]; constraint [null]] with root cause
java.sql.SQLIntegrityConstraintViolationException: Cannot add or update a child row: a foreign key constraint fails (`roadready`.`bookings`, CONSTRAINT `FKj1y19nc7wf0rdp24pyhomn7ck` FOREIGN KEY (`car_id`) REFERENCES `cars` (`car_id`))
	at com.mysql.cj.jdbc.exceptions.SQLError.createSQLException(SQLError.java:118)
	at com.mysql.cj.jdbc.exceptions.SQLExceptionsMapping.translateException(SQLExceptionsMapping.java:122)
	at com.mysql.cj.jdbc.ClientPreparedStatement.executeInternal(ClientPreparedStatement.java:912)
	at com.mysql.cj.jdbc.ClientPreparedStatement.executeUpdateInternal(ClientPreparedStatement.java:1054)
	at com.mysql.cj.jdbc.ClientPreparedStatement.executeUpdateInternal(ClientPreparedStatement.java:1003)
	at com.mysql.cj.jdbc.ClientPreparedStatement.executeLargeUpdate(ClientPreparedStatement.java:1312)
	at com.mysql.cj.jdbc.ClientPreparedStatement.executeUpdate(ClientPreparedStatement.java:988)
	at com.zaxxer.hikari.pool.ProxyPreparedStatement.executeUpdate(ProxyPreparedStatement.java:61)
	at com.zaxxer.hikari.pool.HikariProxyPreparedStatement.executeUpdate(HikariProxyPreparedStatement.java)
	at org.hibernate.engine.jdbc.internal.ResultSetReturnImpl.executeUpdate(ResultSetReturnImpl.java:194)
	at org.hibernate.id.insert.GetGeneratedKeysDelegate.performMutation(GetGeneratedKeysDelegate.java:116)
	at org.hibernate.engine.jdbc.mutation.internal.MutationExecutorSingleNonBatched.performNonBatchedOperations(MutationExecutorSingleNonBatched.java:47)
	at org.hibernate.engine.jdbc.mutation.internal.AbstractMutationExecutor.execute(AbstractMutationExecutor.java:55)
	at org.hibernate.persister.entity.mutation.InsertCoordinatorStandard.doStaticInserts(InsertCoordinatorStandard.java:194)
	at org.hibernate.persister.entity.mutation.InsertCoordinatorStandard.coordinateInsert(InsertCoordinatorStandard.java:132)
	at org.hibernate.persister.entity.mutation.InsertCoordinatorStandard.insert(InsertCoordinatorStandard.java:95)
	at org.hibernate.action.internal.EntityIdentityInsertAction.execute(EntityIdentityInsertAction.java:85)
	at org.hibernate.engine.spi.ActionQueue.execute(ActionQueue.java:671)
	at org.hibernate.engine.spi.ActionQueue.addResolvedEntityInsertAction(ActionQueue.java:292)
	at org.hibernate.engine.spi.ActionQueue.addInsertAction(ActionQueue.java:273)
	at org.hibernate.engine.spi.ActionQueue.addAction(ActionQueue.java:323)
	at org.hibernate.event.internal.AbstractSaveEventListener.addInsertAction(AbstractSaveEventListener.java:391)
	at org.hibernate.event.internal.AbstractSaveEventListener.performSaveOrReplicate(AbstractSaveEventListener.java:305)
	at org.hibernate.event.internal.AbstractSaveEventListener.performSave(AbstractSaveEventListener.java:224)
	at org.hibernate.event.internal.AbstractSaveEventListener.saveWithGeneratedId(AbstractSaveEventListener.java:137)
	at org.hibernate.event.internal.DefaultPersistEventListener.entityIsTransient(DefaultPersistEventListener.java:175)
	at org.hibernate.event.internal.DefaultPersistEventListener.persist(DefaultPersistEventListener.java:93)
	at org.hibernate.event.internal.DefaultPersistEventListener.onPersist(DefaultPersistEventListener.java:77)
	at org.hibernate.event.internal.DefaultPersistEventListener.onPersist(DefaultPersistEventListener.java:54)
	at org.hibernate.event.service.internal.EventListenerGroupImpl.fireEventOnEachListener(EventListenerGroupImpl.java:127)
	at org.hibernate.internal.SessionImpl.firePersist(SessionImpl.java:757)
	at org.hibernate.internal.SessionImpl.persist(SessionImpl.java:741)
	at java.base/jdk.internal.reflect.DirectMethodHandleAccessor.invoke(DirectMethodHandleAccessor.java:103)
	at java.base/java.lang.reflect.Method.invoke(Method.java:580)
	at org.springframework.orm.jpa.ExtendedEntityManagerCreator$ExtendedEntityManagerInvocationHandler.invoke(ExtendedEntityManagerCreator.java:364)
	at jdk.proxy2/jdk.proxy2.$Proxy140.persist(Unknown Source)
	at java.base/jdk.internal.reflect.DirectMethodHandleAccessor.invoke(DirectMethodHandleAccessor.java:103)
	at java.base/java.lang.reflect.Method.invoke(Method.java:580)
	at org.springframework.orm.jpa.SharedEntityManagerCreator$SharedEntityManagerInvocationHandler.invoke(SharedEntityManagerCreator.java:319)
	at jdk.proxy2/jdk.proxy2.$Proxy140.persist(Unknown Source)
	at org.springframework.data.jpa.repository.support.SimpleJpaRepository.save(SimpleJpaRepository.java:628)
	at java.base/jdk.internal.reflect.DirectMethodHandleAccessor.invoke(DirectMethodHandleAccessor.java:103)
	at java.base/java.lang.reflect.Method.invoke(Method.java:580)
	at org.springframework.aop.support.AopUtils.invokeJoinpointUsingReflection(AopUtils.java:355)
	at org.springframework.data.repository.core.support.RepositoryMethodInvoker$RepositoryFragmentMethodInvoker.lambda$new$0(RepositoryMethodInvoker.java:277)
	at org.springframework.data.repository.core.support.RepositoryMethodInvoker.doInvoke(RepositoryMethodInvoker.java:170)
	at org.springframework.data.repository.core.support.RepositoryMethodInvoker.invoke(RepositoryMethodInvoker.java:158)
	at org.springframework.data.repository.core.support.RepositoryComposition$RepositoryFragments.invoke(RepositoryComposition.java:516)
	at org.springframework.data.repository.core.support.RepositoryComposition.invoke(RepositoryComposition.java:285)
	at org.springframework.data.repository.core.support.RepositoryFactorySupport$ImplementationMethodExecutionInterceptor.invoke(RepositoryFactorySupport.java:628)
	at org.springframework.aop.framework.ReflectiveMethodInvocation.proceed(ReflectiveMethodInvocation.java:184)
	at org.springframework.data.repository.core.support.QueryExecutorMethodInterceptor.doInvoke(QueryExecutorMethodInterceptor.java:173)
	at org.springframework.data.repository.core.support.QueryExecutorMethodInterceptor.invoke(QueryExecutorMethodInterceptor.java:148)
	at org.springframework.aop.framework.ReflectiveMethodInvocation.proceed(ReflectiveMethodInvocation.java:184)
	at org.springframework.data.projection.DefaultMethodInvokingMethodInterceptor.invoke(DefaultMethodInvokingMethodInterceptor.java:70)
	at org.springframework.aop.framework.ReflectiveMethodInvocation.proceed(ReflectiveMethodInvocation.java:184)
	at org.springframework.transaction.interceptor.TransactionAspectSupport.invokeWithinTransaction(TransactionAspectSupport.java:379)
	at org.springframework.transaction.interceptor.TransactionInterceptor.invoke(TransactionInterceptor.java:119)
	at org.springframework.aop.framework.ReflectiveMethodInvocation.proceed(ReflectiveMethodInvocation.java:184)
	at org.springframework.dao.support.PersistenceExceptionTranslationInterceptor.invoke(PersistenceExceptionTranslationInterceptor.java:138)
	at org.springframework.aop.framework.ReflectiveMethodInvocation.proceed(ReflectiveMethodInvocation.java:184)
	at org.springframework.data.jpa.repository.support.CrudMethodMetadataPostProcessor$CrudMethodMetadataPopulatingMethodInterceptor.invoke(CrudMethodMetadataPostProcessor.java:165)
	at org.springframework.aop.framework.ReflectiveMethodInvocation.proceed(ReflectiveMethodInvocation.java:184)
	at org.springframework.aop.interceptor.ExposeInvocationInterceptor.invoke(ExposeInvocationInterceptor.java:97)
	at org.springframework.aop.framework.ReflectiveMethodInvocation.proceed(ReflectiveMethodInvocation.java:184)
	at org.springframework.aop.framework.JdkDynamicAopProxy.invoke(JdkDynamicAopProxy.java:223)
	at jdk.proxy2/jdk.proxy2.$Proxy145.save(Unknown Source)
	at com.hexaware.roadready.services.BookingServiceImpl.createBooking(BookingServiceImpl.java:41)
	at com.hexaware.roadready.restcontroller.BookingRestController.addBooking(BookingRestController.java:49)
	at java.base/jdk.internal.reflect.DirectMethodHandleAccessor.invoke(DirectMethodHandleAccessor.java:103)
	at java.base/java.lang.reflect.Method.invoke(Method.java:580)
	at org.springframework.web.method.support.InvocableHandlerMethod.doInvoke(InvocableHandlerMethod.java:255)
	at org.springframework.web.method.support.InvocableHandlerMethod.invokeForRequest(InvocableHandlerMethod.java:188)
	at org.springframework.web.servlet.mvc.method.annotation.ServletInvocableHandlerMethod.invokeAndHandle(ServletInvocableHandlerMethod.java:118)
	at org.springframework.web.servlet.mvc.method.annotation.RequestMappingHandlerAdapter.invokeHandlerMethod(RequestMappingHandlerAdapter.java:926)
	at org.springframework.web.servlet.mvc.method.annotation.RequestMappingHandlerAdapter.handleInternal(RequestMappingHandlerAdapter.java:831)
	at org.springframework.web.servlet.mvc.method.AbstractHandlerMethodAdapter.handle(AbstractHandlerMethodAdapter.java:87)
	at org.springframework.web.servlet.DispatcherServlet.doDispatch(DispatcherServlet.java:1089)
	at org.springframework.web.servlet.DispatcherServlet.doService(DispatcherServlet.java:979)
	at org.springframework.web.servlet.FrameworkServlet.processRequest(FrameworkServlet.java:1014)
	at org.springframework.web.servlet.FrameworkServlet.doPost(FrameworkServlet.java:914)
	at jakarta.servlet.http.HttpServlet.service(HttpServlet.java:590)
	at org.springframework.web.servlet.FrameworkServlet.service(FrameworkServlet.java:885)
	at jakarta.servlet.http.HttpServlet.service(HttpServlet.java:658)
	at org.apache.catalina.core.ApplicationFilterChain.internalDoFilter(ApplicationFilterChain.java:195)
	at org.apache.catalina.core.ApplicationFilterChain.doFilter(ApplicationFilterChain.java:140)
	at org.apache.tomcat.websocket.server.WsFilter.doFilter(WsFilter.java:51)
	at org.apache.catalina.core.ApplicationFilterChain.internalDoFilter(ApplicationFilterChain.java:164)
	at org.apache.catalina.core.ApplicationFilterChain.doFilter(ApplicationFilterChain.java:140)
	at org.springframework.web.filter.RequestContextFilter.doFilterInternal(RequestContextFilter.java:100)
	at org.springframework.web.filter.OncePerRequestFilter.doFilter(OncePerRequestFilter.java:116)
	at org.apache.catalina.core.ApplicationFilterChain.internalDoFilter(ApplicationFilterChain.java:164)
	at org.apache.catalina.core.ApplicationFilterChain.doFilter(ApplicationFilterChain.java:140)
	at org.springframework.web.filter.FormContentFilter.doFilterInternal(FormContentFilter.java:93)
	at org.springframework.web.filter.OncePerRequestFilter.doFilter(OncePerRequestFilter.java:116)
	at org.apache.catalina.core.ApplicationFilterChain.internalDoFilter(ApplicationFilterChain.java:164)
	at org.apache.catalina.core.ApplicationFilterChain.doFilter(ApplicationFilterChain.java:140)
	at org.springframework.web.filter.CharacterEncodingFilter.doFilterInternal(CharacterEncodingFilter.java:201)
	at org.springframework.web.filter.OncePerRequestFilter.doFilter(OncePerRequestFilter.java:116)
	at org.apache.catalina.core.ApplicationFilterChain.internalDoFilter(ApplicationFilterChain.java:164)
	at org.apache.catalina.core.ApplicationFilterChain.doFilter(ApplicationFilterChain.java:140)
	at org.apache.catalina.core.StandardWrapperValve.invoke(StandardWrapperValve.java:167)
	at org.apache.catalina.core.StandardContextValve.invoke(StandardContextValve.java:90)
	at org.apache.catalina.authenticator.AuthenticatorBase.invoke(AuthenticatorBase.java:483)
	at org.apache.catalina.core.StandardHostValve.invoke(StandardHostValve.java:115)
	at org.apache.catalina.valves.ErrorReportValve.invoke(ErrorReportValve.java:93)
	at org.apache.catalina.core.StandardEngineValve.invoke(StandardEngineValve.java:74)
	at org.apache.catalina.connector.CoyoteAdapter.service(CoyoteAdapter.java:344)
	at org.apache.coyote.http11.Http11Processor.service(Http11Processor.java:384)
	at org.apache.coyote.AbstractProcessorLight.process(AbstractProcessorLight.java:63)
	at org.apache.coyote.AbstractProtocol$ConnectionHandler.process(AbstractProtocol.java:905)
	at org.apache.tomcat.util.net.NioEndpoint$SocketProcessor.doRun(NioEndpoint.java:1741)
	at org.apache.tomcat.util.net.SocketProcessorBase.run(SocketProcessorBase.java:52)
	at org.apache.tomcat.util.threads.ThreadPoolExecutor.runWorker(ThreadPoolExecutor.java:1190)
	at org.apache.tomcat.util.threads.ThreadPoolExecutor$Worker.run(ThreadPoolExecutor.java:659)
	at org.apache.tomcat.util.threads.TaskThread$WrappingRunnable.run(TaskThread.java:63)
	at java.base/java.lang.Thread.run(Thread.java:1583)
[INFO]  :  Application shutdown requested.
[INFO]  :  Closing JPA EntityManagerFactory for persistence unit 'default'
[INFO]  :  HikariPool-1 - Shutdown initiated...
[INFO]  :  HikariPool-1 - Shutdown completed.
[INFO]  :  Starting RoadReadyApplication using Java 21.0.4 with PID 6812 (D:\sts\RoadReady\target\classes started by bagul in D:\sts\RoadReady)
[INFO]  :  No active profile set, falling back to 1 default profile: "default"
[INFO]  :  Bootstrapping Spring Data JPA repositories in DEFAULT mode.
[INFO]  :  Finished Spring Data repository scanning in 94 ms. Found 6 JPA repository interfaces.
[WARN]  :  Bean 'org.springframework.ws.config.annotation.DelegatingWsConfiguration' of type [org.springframework.ws.config.annotation.DelegatingWsConfiguration$$SpringCGLIB$$0] is not eligible for getting processed by all BeanPostProcessors (for example: not eligible for auto-proxying). The currently created BeanPostProcessor [annotationActionEndpointMapping] is declared through a non-static factory method on that class; consider declaring it as static instead.
[INFO]  :  Supporting [WS-Addressing August 2004, WS-Addressing 1.0]
[INFO]  :  Tomcat initialized with port 8080 (http)
[INFO]  :  Starting service [Tomcat]
[INFO]  :  Starting Servlet engine: [Apache Tomcat/10.1.31]
[INFO]  :  Initializing Spring embedded WebApplicationContext
[INFO]  :  Root WebApplicationContext: initialization completed in 2000 ms
[INFO]  :  HHH000204: Processing PersistenceUnitInfo [name: default]
[INFO]  :  HHH000412: Hibernate ORM core version 6.5.3.Final
[INFO]  :  HHH000026: Second-level cache disabled
[INFO]  :  No LoadTimeWeaver setup: ignoring JPA class transformer
[INFO]  :  HikariPool-1 - Starting...
[INFO]  :  HikariPool-1 - Added connection com.mysql.cj.jdbc.ConnectionImpl@752494dd
[INFO]  :  HikariPool-1 - Start completed.
[WARN]  :  HHH90000025: MySQL8Dialect does not need to be specified explicitly using 'hibernate.dialect' (remove the property setting and it will be selected by default)
[WARN]  :  HHH90000026: MySQL8Dialect has been deprecated; use org.hibernate.dialect.MySQLDialect instead
[INFO]  :  HHH000489: No JTA platform available (set 'hibernate.transaction.jta.platform' to enable JTA platform integration)
[INFO]  :  Initialized JPA EntityManagerFactory for persistence unit 'default'
[INFO]  :  Hibernate is in classpath; If applicable, HQL parser will be used.
[WARN]  :  spring.jpa.open-in-view is enabled by default. Therefore, database queries may be performed during view rendering. Explicitly configure spring.jpa.open-in-view to disable this warning
[INFO]  :  Tomcat started on port 8080 (http) with context path '/'
[INFO]  :  Started RoadReadyApplication in 7.432 seconds (process running for 8.476)
[INFO]  :  Starting BookingServiceImplTest using Java 21.0.4 with PID 14948 (started by bagul in D:\sts\RoadReady)
[INFO]  :  No active profile set, falling back to 1 default profile: "default"
[INFO]  :  Bootstrapping Spring Data JPA repositories in DEFAULT mode.
[INFO]  :  Finished Spring Data repository scanning in 103 ms. Found 6 JPA repository interfaces.
[WARN]  :  Bean 'org.springframework.ws.config.annotation.DelegatingWsConfiguration' of type [org.springframework.ws.config.annotation.DelegatingWsConfiguration$$SpringCGLIB$$0] is not eligible for getting processed by all BeanPostProcessors (for example: not eligible for auto-proxying). The currently created BeanPostProcessor [annotationActionEndpointMapping] is declared through a non-static factory method on that class; consider declaring it as static instead.
[INFO]  :  Supporting [WS-Addressing August 2004, WS-Addressing 1.0]
[INFO]  :  HHH000204: Processing PersistenceUnitInfo [name: default]
[INFO]  :  HHH000412: Hibernate ORM core version 6.5.3.Final
[INFO]  :  HHH000026: Second-level cache disabled
[INFO]  :  No LoadTimeWeaver setup: ignoring JPA class transformer
[INFO]  :  HikariPool-1 - Starting...
[INFO]  :  HikariPool-1 - Added connection com.mysql.cj.jdbc.ConnectionImpl@66048ac4
[INFO]  :  HikariPool-1 - Start completed.
[WARN]  :  HHH90000025: MySQL8Dialect does not need to be specified explicitly using 'hibernate.dialect' (remove the property setting and it will be selected by default)
[WARN]  :  HHH90000026: MySQL8Dialect has been deprecated; use org.hibernate.dialect.MySQLDialect instead
[INFO]  :  HHH000489: No JTA platform available (set 'hibernate.transaction.jta.platform' to enable JTA platform integration)
[INFO]  :  Initialized JPA EntityManagerFactory for persistence unit 'default'
[INFO]  :  Hibernate is in classpath; If applicable, HQL parser will be used.
[WARN]  :  spring.jpa.open-in-view is enabled by default. Therefore, database queries may be performed during view rendering. Explicitly configure spring.jpa.open-in-view to disable this warning
[INFO]  :  Started BookingServiceImplTest in 8.511 seconds (process running for 10.322)
[INFO]  :  Closing JPA EntityManagerFactory for persistence unit 'default'
[INFO]  :  HikariPool-1 - Shutdown initiated...
[INFO]  :  HikariPool-1 - Shutdown completed.
[INFO]  :  Starting BookingServiceImplTest using Java 21.0.4 with PID 14696 (started by bagul in D:\sts\RoadReady)
[INFO]  :  No active profile set, falling back to 1 default profile: "default"
[INFO]  :  Bootstrapping Spring Data JPA repositories in DEFAULT mode.
[INFO]  :  Finished Spring Data repository scanning in 113 ms. Found 6 JPA repository interfaces.
[WARN]  :  Bean 'org.springframework.ws.config.annotation.DelegatingWsConfiguration' of type [org.springframework.ws.config.annotation.DelegatingWsConfiguration$$SpringCGLIB$$0] is not eligible for getting processed by all BeanPostProcessors (for example: not eligible for auto-proxying). The currently created BeanPostProcessor [annotationActionEndpointMapping] is declared through a non-static factory method on that class; consider declaring it as static instead.
[INFO]  :  Supporting [WS-Addressing August 2004, WS-Addressing 1.0]
[INFO]  :  HHH000204: Processing PersistenceUnitInfo [name: default]
[INFO]  :  HHH000412: Hibernate ORM core version 6.5.3.Final
[INFO]  :  HHH000026: Second-level cache disabled
[INFO]  :  No LoadTimeWeaver setup: ignoring JPA class transformer
[INFO]  :  HikariPool-1 - Starting...
[INFO]  :  HikariPool-1 - Added connection com.mysql.cj.jdbc.ConnectionImpl@4f525e13
[INFO]  :  HikariPool-1 - Start completed.
[WARN]  :  HHH90000025: MySQL8Dialect does not need to be specified explicitly using 'hibernate.dialect' (remove the property setting and it will be selected by default)
[WARN]  :  HHH90000026: MySQL8Dialect has been deprecated; use org.hibernate.dialect.MySQLDialect instead
[INFO]  :  HHH000489: No JTA platform available (set 'hibernate.transaction.jta.platform' to enable JTA platform integration)
[INFO]  :  Initialized JPA EntityManagerFactory for persistence unit 'default'
[INFO]  :  Hibernate is in classpath; If applicable, HQL parser will be used.
[WARN]  :  spring.jpa.open-in-view is enabled by default. Therefore, database queries may be performed during view rendering. Explicitly configure spring.jpa.open-in-view to disable this warning
[INFO]  :  Started BookingServiceImplTest in 8.4 seconds (process running for 10.105)
[INFO]  :  Closing JPA EntityManagerFactory for persistence unit 'default'
[INFO]  :  HikariPool-1 - Shutdown initiated...
[INFO]  :  HikariPool-1 - Shutdown completed.
[INFO]  :  Starting BookingServiceImplTest using Java 21.0.4 with PID 4032 (started by bagul in D:\sts\RoadReady)
[INFO]  :  No active profile set, falling back to 1 default profile: "default"
[INFO]  :  Bootstrapping Spring Data JPA repositories in DEFAULT mode.
[INFO]  :  Finished Spring Data repository scanning in 111 ms. Found 6 JPA repository interfaces.
[WARN]  :  Bean 'org.springframework.ws.config.annotation.DelegatingWsConfiguration' of type [org.springframework.ws.config.annotation.DelegatingWsConfiguration$$SpringCGLIB$$0] is not eligible for getting processed by all BeanPostProcessors (for example: not eligible for auto-proxying). The currently created BeanPostProcessor [annotationActionEndpointMapping] is declared through a non-static factory method on that class; consider declaring it as static instead.
[INFO]  :  Supporting [WS-Addressing August 2004, WS-Addressing 1.0]
[INFO]  :  HHH000204: Processing PersistenceUnitInfo [name: default]
[INFO]  :  HHH000412: Hibernate ORM core version 6.5.3.Final
[INFO]  :  HHH000026: Second-level cache disabled
[INFO]  :  No LoadTimeWeaver setup: ignoring JPA class transformer
[INFO]  :  HikariPool-1 - Starting...
[INFO]  :  HikariPool-1 - Added connection com.mysql.cj.jdbc.ConnectionImpl@6c1f15df
[INFO]  :  HikariPool-1 - Start completed.
[WARN]  :  HHH90000025: MySQL8Dialect does not need to be specified explicitly using 'hibernate.dialect' (remove the property setting and it will be selected by default)
[WARN]  :  HHH90000026: MySQL8Dialect has been deprecated; use org.hibernate.dialect.MySQLDialect instead
[INFO]  :  HHH000489: No JTA platform available (set 'hibernate.transaction.jta.platform' to enable JTA platform integration)
[INFO]  :  Initialized JPA EntityManagerFactory for persistence unit 'default'
[INFO]  :  Hibernate is in classpath; If applicable, HQL parser will be used.
[WARN]  :  spring.jpa.open-in-view is enabled by default. Therefore, database queries may be performed during view rendering. Explicitly configure spring.jpa.open-in-view to disable this warning
[INFO]  :  Started BookingServiceImplTest in 8.634 seconds (process running for 10.346)
[INFO]  :  Closing JPA EntityManagerFactory for persistence unit 'default'
[INFO]  :  HikariPool-1 - Shutdown initiated...
[INFO]  :  HikariPool-1 - Shutdown completed.
[INFO]  :  Starting BookingServiceImplTest using Java 21.0.4 with PID 12984 (started by bagul in D:\sts\RoadReady)
[INFO]  :  No active profile set, falling back to 1 default profile: "default"
[INFO]  :  Bootstrapping Spring Data JPA repositories in DEFAULT mode.
[INFO]  :  Finished Spring Data repository scanning in 101 ms. Found 6 JPA repository interfaces.
[WARN]  :  Bean 'org.springframework.ws.config.annotation.DelegatingWsConfiguration' of type [org.springframework.ws.config.annotation.DelegatingWsConfiguration$$SpringCGLIB$$0] is not eligible for getting processed by all BeanPostProcessors (for example: not eligible for auto-proxying). The currently created BeanPostProcessor [annotationActionEndpointMapping] is declared through a non-static factory method on that class; consider declaring it as static instead.
[INFO]  :  Supporting [WS-Addressing August 2004, WS-Addressing 1.0]
[INFO]  :  HHH000204: Processing PersistenceUnitInfo [name: default]
[INFO]  :  HHH000412: Hibernate ORM core version 6.5.3.Final
[INFO]  :  HHH000026: Second-level cache disabled
[INFO]  :  No LoadTimeWeaver setup: ignoring JPA class transformer
[INFO]  :  HikariPool-1 - Starting...
[INFO]  :  HikariPool-1 - Added connection com.mysql.cj.jdbc.ConnectionImpl@42edde25
[INFO]  :  HikariPool-1 - Start completed.
[WARN]  :  HHH90000025: MySQL8Dialect does not need to be specified explicitly using 'hibernate.dialect' (remove the property setting and it will be selected by default)
[WARN]  :  HHH90000026: MySQL8Dialect has been deprecated; use org.hibernate.dialect.MySQLDialect instead
[INFO]  :  HHH000489: No JTA platform available (set 'hibernate.transaction.jta.platform' to enable JTA platform integration)
[INFO]  :  Initialized JPA EntityManagerFactory for persistence unit 'default'
[INFO]  :  Hibernate is in classpath; If applicable, HQL parser will be used.
[WARN]  :  spring.jpa.open-in-view is enabled by default. Therefore, database queries may be performed during view rendering. Explicitly configure spring.jpa.open-in-view to disable this warning
[INFO]  :  Started BookingServiceImplTest in 8.489 seconds (process running for 10.206)
[INFO]  :  Closing JPA EntityManagerFactory for persistence unit 'default'
[INFO]  :  HikariPool-1 - Shutdown initiated...
[INFO]  :  HikariPool-1 - Shutdown completed.
[INFO]  :  Starting BookingServiceImplTest using Java 21.0.4 with PID 9748 (started by bagul in D:\sts\RoadReady)
[INFO]  :  No active profile set, falling back to 1 default profile: "default"
[INFO]  :  Bootstrapping Spring Data JPA repositories in DEFAULT mode.
[INFO]  :  Finished Spring Data repository scanning in 103 ms. Found 6 JPA repository interfaces.
[WARN]  :  Bean 'org.springframework.ws.config.annotation.DelegatingWsConfiguration' of type [org.springframework.ws.config.annotation.DelegatingWsConfiguration$$SpringCGLIB$$0] is not eligible for getting processed by all BeanPostProcessors (for example: not eligible for auto-proxying). The currently created BeanPostProcessor [annotationActionEndpointMapping] is declared through a non-static factory method on that class; consider declaring it as static instead.
[INFO]  :  Supporting [WS-Addressing August 2004, WS-Addressing 1.0]
[INFO]  :  HHH000204: Processing PersistenceUnitInfo [name: default]
[INFO]  :  HHH000412: Hibernate ORM core version 6.5.3.Final
[INFO]  :  HHH000026: Second-level cache disabled
[INFO]  :  No LoadTimeWeaver setup: ignoring JPA class transformer
[INFO]  :  HikariPool-1 - Starting...
[INFO]  :  HikariPool-1 - Added connection com.mysql.cj.jdbc.ConnectionImpl@5d404a3c
[INFO]  :  HikariPool-1 - Start completed.
[WARN]  :  HHH90000025: MySQL8Dialect does not need to be specified explicitly using 'hibernate.dialect' (remove the property setting and it will be selected by default)
[WARN]  :  HHH90000026: MySQL8Dialect has been deprecated; use org.hibernate.dialect.MySQLDialect instead
[INFO]  :  HHH000489: No JTA platform available (set 'hibernate.transaction.jta.platform' to enable JTA platform integration)
[INFO]  :  Initialized JPA EntityManagerFactory for persistence unit 'default'
[INFO]  :  Hibernate is in classpath; If applicable, HQL parser will be used.
[WARN]  :  spring.jpa.open-in-view is enabled by default. Therefore, database queries may be performed during view rendering. Explicitly configure spring.jpa.open-in-view to disable this warning
[INFO]  :  Started BookingServiceImplTest in 8.503 seconds (process running for 10.235)
[INFO]  :  Closing JPA EntityManagerFactory for persistence unit 'default'
[INFO]  :  HikariPool-1 - Shutdown initiated...
[INFO]  :  HikariPool-1 - Shutdown completed.
[INFO]  :  Application shutdown requested.
[INFO]  :  Closing JPA EntityManagerFactory for persistence unit 'default'
[INFO]  :  HikariPool-1 - Shutdown initiated...
[INFO]  :  HikariPool-1 - Shutdown completed.
[INFO]  :  Starting RoadReadyApplication using Java 21.0.4 with PID 11996 (D:\sts\RoadReady\target\classes started by bagul in D:\sts\RoadReady)
[INFO]  :  No active profile set, falling back to 1 default profile: "default"
[INFO]  :  Bootstrapping Spring Data JPA repositories in DEFAULT mode.
[INFO]  :  Finished Spring Data repository scanning in 93 ms. Found 6 JPA repository interfaces.
[WARN]  :  Bean 'org.springframework.ws.config.annotation.DelegatingWsConfiguration' of type [org.springframework.ws.config.annotation.DelegatingWsConfiguration$$SpringCGLIB$$0] is not eligible for getting processed by all BeanPostProcessors (for example: not eligible for auto-proxying). The currently created BeanPostProcessor [annotationActionEndpointMapping] is declared through a non-static factory method on that class; consider declaring it as static instead.
[INFO]  :  Supporting [WS-Addressing August 2004, WS-Addressing 1.0]
[INFO]  :  Tomcat initialized with port 8080 (http)
[INFO]  :  Starting service [Tomcat]
[INFO]  :  Starting Servlet engine: [Apache Tomcat/10.1.31]
[INFO]  :  Initializing Spring embedded WebApplicationContext
[INFO]  :  Root WebApplicationContext: initialization completed in 2040 ms
[INFO]  :  HHH000204: Processing PersistenceUnitInfo [name: default]
[INFO]  :  HHH000412: Hibernate ORM core version 6.5.3.Final
[INFO]  :  HHH000026: Second-level cache disabled
[INFO]  :  No LoadTimeWeaver setup: ignoring JPA class transformer
[INFO]  :  HikariPool-1 - Starting...
[INFO]  :  HikariPool-1 - Added connection com.mysql.cj.jdbc.ConnectionImpl@752494dd
[INFO]  :  HikariPool-1 - Start completed.
[WARN]  :  HHH90000025: MySQL8Dialect does not need to be specified explicitly using 'hibernate.dialect' (remove the property setting and it will be selected by default)
[WARN]  :  HHH90000026: MySQL8Dialect has been deprecated; use org.hibernate.dialect.MySQLDialect instead
[INFO]  :  HHH000489: No JTA platform available (set 'hibernate.transaction.jta.platform' to enable JTA platform integration)
[INFO]  :  Initialized JPA EntityManagerFactory for persistence unit 'default'
[INFO]  :  Hibernate is in classpath; If applicable, HQL parser will be used.
[WARN]  :  spring.jpa.open-in-view is enabled by default. Therefore, database queries may be performed during view rendering. Explicitly configure spring.jpa.open-in-view to disable this warning
[INFO]  :  Tomcat started on port 8080 (http) with context path '/'
[INFO]  :  Started RoadReadyApplication in 7.843 seconds (process running for 8.881)
[INFO]  :  Starting BookingServiceImplTest using Java 21.0.4 with PID 14628 (started by bagul in D:\sts\RoadReady)
[INFO]  :  No active profile set, falling back to 1 default profile: "default"
[INFO]  :  Bootstrapping Spring Data JPA repositories in DEFAULT mode.
[INFO]  :  Finished Spring Data repository scanning in 103 ms. Found 6 JPA repository interfaces.
[WARN]  :  Bean 'org.springframework.ws.config.annotation.DelegatingWsConfiguration' of type [org.springframework.ws.config.annotation.DelegatingWsConfiguration$$SpringCGLIB$$0] is not eligible for getting processed by all BeanPostProcessors (for example: not eligible for auto-proxying). The currently created BeanPostProcessor [annotationActionEndpointMapping] is declared through a non-static factory method on that class; consider declaring it as static instead.
[INFO]  :  Supporting [WS-Addressing August 2004, WS-Addressing 1.0]
[INFO]  :  HHH000204: Processing PersistenceUnitInfo [name: default]
[INFO]  :  HHH000412: Hibernate ORM core version 6.5.3.Final
[INFO]  :  HHH000026: Second-level cache disabled
[INFO]  :  No LoadTimeWeaver setup: ignoring JPA class transformer
[INFO]  :  HikariPool-1 - Starting...
[INFO]  :  HikariPool-1 - Added connection com.mysql.cj.jdbc.ConnectionImpl@6c1f15df
[INFO]  :  HikariPool-1 - Start completed.
[WARN]  :  HHH90000025: MySQL8Dialect does not need to be specified explicitly using 'hibernate.dialect' (remove the property setting and it will be selected by default)
[WARN]  :  HHH90000026: MySQL8Dialect has been deprecated; use org.hibernate.dialect.MySQLDialect instead
[INFO]  :  HHH000489: No JTA platform available (set 'hibernate.transaction.jta.platform' to enable JTA platform integration)
[INFO]  :  Initialized JPA EntityManagerFactory for persistence unit 'default'
[INFO]  :  Hibernate is in classpath; If applicable, HQL parser will be used.
[WARN]  :  spring.jpa.open-in-view is enabled by default. Therefore, database queries may be performed during view rendering. Explicitly configure spring.jpa.open-in-view to disable this warning
[INFO]  :  Started BookingServiceImplTest in 8.592 seconds (process running for 10.327)
[INFO]  :  Closing JPA EntityManagerFactory for persistence unit 'default'
[INFO]  :  HikariPool-1 - Shutdown initiated...
[INFO]  :  HikariPool-1 - Shutdown completed.
[INFO]  :  Starting BookingServiceImplTest using Java 21.0.4 with PID 4580 (started by bagul in D:\sts\RoadReady)
[INFO]  :  No active profile set, falling back to 1 default profile: "default"
[INFO]  :  Bootstrapping Spring Data JPA repositories in DEFAULT mode.
[INFO]  :  Finished Spring Data repository scanning in 107 ms. Found 6 JPA repository interfaces.
[WARN]  :  Bean 'org.springframework.ws.config.annotation.DelegatingWsConfiguration' of type [org.springframework.ws.config.annotation.DelegatingWsConfiguration$$SpringCGLIB$$0] is not eligible for getting processed by all BeanPostProcessors (for example: not eligible for auto-proxying). The currently created BeanPostProcessor [annotationActionEndpointMapping] is declared through a non-static factory method on that class; consider declaring it as static instead.
[INFO]  :  Supporting [WS-Addressing August 2004, WS-Addressing 1.0]
[INFO]  :  HHH000204: Processing PersistenceUnitInfo [name: default]
[INFO]  :  HHH000412: Hibernate ORM core version 6.5.3.Final
[INFO]  :  HHH000026: Second-level cache disabled
[INFO]  :  No LoadTimeWeaver setup: ignoring JPA class transformer
[INFO]  :  HikariPool-1 - Starting...
[INFO]  :  HikariPool-1 - Added connection com.mysql.cj.jdbc.ConnectionImpl@4f8900b0
[INFO]  :  HikariPool-1 - Start completed.
[WARN]  :  HHH90000025: MySQL8Dialect does not need to be specified explicitly using 'hibernate.dialect' (remove the property setting and it will be selected by default)
[WARN]  :  HHH90000026: MySQL8Dialect has been deprecated; use org.hibernate.dialect.MySQLDialect instead
[INFO]  :  HHH000489: No JTA platform available (set 'hibernate.transaction.jta.platform' to enable JTA platform integration)
[INFO]  :  Initialized JPA EntityManagerFactory for persistence unit 'default'
[INFO]  :  Hibernate is in classpath; If applicable, HQL parser will be used.
[WARN]  :  spring.jpa.open-in-view is enabled by default. Therefore, database queries may be performed during view rendering. Explicitly configure spring.jpa.open-in-view to disable this warning
[INFO]  :  Started BookingServiceImplTest in 8.612 seconds (process running for 10.348)
[INFO]  :  Closing JPA EntityManagerFactory for persistence unit 'default'
[INFO]  :  HikariPool-1 - Shutdown initiated...
[INFO]  :  HikariPool-1 - Shutdown completed.
[INFO]  :  Starting BookingServiceImplTest using Java 21.0.4 with PID 1984 (started by bagul in D:\sts\RoadReady)
[INFO]  :  No active profile set, falling back to 1 default profile: "default"
[INFO]  :  Bootstrapping Spring Data JPA repositories in DEFAULT mode.
[INFO]  :  Finished Spring Data repository scanning in 114 ms. Found 6 JPA repository interfaces.
[WARN]  :  Bean 'org.springframework.ws.config.annotation.DelegatingWsConfiguration' of type [org.springframework.ws.config.annotation.DelegatingWsConfiguration$$SpringCGLIB$$0] is not eligible for getting processed by all BeanPostProcessors (for example: not eligible for auto-proxying). The currently created BeanPostProcessor [annotationActionEndpointMapping] is declared through a non-static factory method on that class; consider declaring it as static instead.
[INFO]  :  Supporting [WS-Addressing August 2004, WS-Addressing 1.0]
[INFO]  :  HHH000204: Processing PersistenceUnitInfo [name: default]
[INFO]  :  HHH000412: Hibernate ORM core version 6.5.3.Final
[INFO]  :  HHH000026: Second-level cache disabled
[INFO]  :  No LoadTimeWeaver setup: ignoring JPA class transformer
[INFO]  :  HikariPool-1 - Starting...
[INFO]  :  HikariPool-1 - Added connection com.mysql.cj.jdbc.ConnectionImpl@4f8900b0
[INFO]  :  HikariPool-1 - Start completed.
[WARN]  :  HHH90000025: MySQL8Dialect does not need to be specified explicitly using 'hibernate.dialect' (remove the property setting and it will be selected by default)
[WARN]  :  HHH90000026: MySQL8Dialect has been deprecated; use org.hibernate.dialect.MySQLDialect instead
[INFO]  :  HHH000489: No JTA platform available (set 'hibernate.transaction.jta.platform' to enable JTA platform integration)
[INFO]  :  Initialized JPA EntityManagerFactory for persistence unit 'default'
[INFO]  :  Hibernate is in classpath; If applicable, HQL parser will be used.
[WARN]  :  spring.jpa.open-in-view is enabled by default. Therefore, database queries may be performed during view rendering. Explicitly configure spring.jpa.open-in-view to disable this warning
[INFO]  :  Started BookingServiceImplTest in 8.465 seconds (process running for 10.197)
[INFO]  :  Closing JPA EntityManagerFactory for persistence unit 'default'
[INFO]  :  HikariPool-1 - Shutdown initiated...
[INFO]  :  HikariPool-1 - Shutdown completed.
